[ 2017-07-01T12:04:30+08:00 ] 127.0.0.1 /Home/Login/checkLog
INFO: [ app_begin ] --START--
INFO: Run Behavior\ReadHtmlCacheBehavior [ RunTime:0.000977s ]
INFO: [ app_begin ] --END-- [ RunTime:0.001953s ]
SQL: SELECT `currency_id`,`currency_name`,`currency_logo`,`currency_mark`,`currency_unit`,`currency_content`,`currency_all_num`,`currency_buy_fee`,`currency_sell_fee`,`currency_url`,`trade_currency_id`,`is_line`,`is_lock`,`port_number`,`add_time`,`status`,`rpc_url`,`rpc_pwd`,`rpc_user`,`currency_all_tibi`,`detail_url`,`qianbao_url`,`qianbao_key`,`price_up`,`price_down`,`sort`,`currency_digit_num`,`guanwang_url`,`currency_fee_reward`,`start_time_h`,`end_time_h`,`end_time_m`,`start_time_m`,`is_lock_6`,`is_lock_7` FROM `yang_currency` WHERE ( is_line=1  ) ORDER BY sort  [ RunTime:0.0010s ]
SQL: SELECT * FROM `yang_member` WHERE `email` = 'admin1' LIMIT 1   [ RunTime:0.0449s ]
SQL: SELECT * FROM `yang_message_all` WHERE `add_time` >= '1494234340' AND (  u_id= -1 or  u_id = 141 )  [ RunTime:0.0234s ]
NOTIC: [8] Undefined variable: new_ip D:\WWW\ggp\App\Home\Controller\LoginController.class.php 第 84 行.
SQL: UPDATE `yang_member` SET `login_ip`=NULL,`login_time`='1498881870' WHERE `member_id` = 141 [ RunTime:0.0391s ]
NOTIC: [8] Undefined index: time D:\WWW\ggp\App\Home\Controller\LoginController.class.php 第 103 行.
SQL: SELECT `cu_id`,`member_id`,`currency_id`,`num`,`forzen_num`,`status`,`chongzhi_url`,(num+forzen_num) as count FROM `yang_currency_user` WHERE `member_id` = 141 AND `currency_id` = 25 LIMIT 1   [ RunTime:0.0420s ]
NOTIC: [8] Undefined index: time D:\WWW\ggp\App\Home\Controller\LoginController.class.php 第 103 行.
SQL: SELECT `cu_id`,`member_id`,`currency_id`,`num`,`forzen_num`,`status`,`chongzhi_url`,(num+forzen_num) as count FROM `yang_currency_user` WHERE `member_id` = 141 AND `currency_id` = 26 LIMIT 1   [ RunTime:0.0000s ]
NOTIC: [8] Undefined index: time D:\WWW\ggp\App\Home\Controller\LoginController.class.php 第 103 行.
SQL: SELECT `cu_id`,`member_id`,`currency_id`,`num`,`forzen_num`,`status`,`chongzhi_url`,(num+forzen_num) as count FROM `yang_currency_user` WHERE `member_id` = 141 AND `currency_id` = 33 LIMIT 1   [ RunTime:0.0010s ]
NOTIC: [8] Undefined index: time D:\WWW\ggp\App\Home\Controller\LoginController.class.php 第 103 行.
SQL: SELECT `cu_id`,`member_id`,`currency_id`,`num`,`forzen_num`,`status`,`chongzhi_url`,(num+forzen_num) as count FROM `yang_currency_user` WHERE `member_id` = 141 AND `currency_id` = 34 LIMIT 1   [ RunTime:0.0010s ]
NOTIC: [8] Undefined index: time D:\WWW\ggp\App\Home\Controller\LoginController.class.php 第 103 行.
SQL: SELECT `cu_id`,`member_id`,`currency_id`,`num`,`forzen_num`,`status`,`chongzhi_url`,(num+forzen_num) as count FROM `yang_currency_user` WHERE `member_id` = 141 AND `currency_id` = 32 LIMIT 1   [ RunTime:0.0010s ]

[ 2017-07-01T12:04:31+08:00 ] 127.0.0.1 /Home/Index/personinfo.html
INFO: [ app_begin ] --START--
INFO: Run Behavior\ReadHtmlCacheBehavior [ RunTime:0.000977s ]
INFO: [ app_begin ] --END-- [ RunTime:0.000977s ]
SQL: SELECT `member_id`,`openid`,`email`,`pwd`,`pid`,`pwdtrade`,`nick`,`name`,`cardtype`,`idcard`,`phone`,`ip`,`reg_time`,`login_ip`,`login_time`,`rmb`,`forzen_rmb`,`head`,`profile`,`province`,`city`,`job`,`is_lock`,`status`,`dividend_num`,`threepwd`,(rmb+forzen_rmb) as count FROM `yang_member` WHERE ( member_id='141' ) LIMIT 1   [ RunTime:0.0000s ]
SQL: SELECT `currency_id`,`currency_name`,`currency_logo`,`currency_mark`,`currency_unit`,`currency_content`,`currency_all_num`,`currency_buy_fee`,`currency_sell_fee`,`currency_url`,`trade_currency_id`,`is_line`,`is_lock`,`port_number`,`add_time`,`status`,`rpc_url`,`rpc_pwd`,`rpc_user`,`currency_all_tibi`,`detail_url`,`qianbao_url`,`qianbao_key`,`price_up`,`price_down`,`sort`,`currency_digit_num`,`guanwang_url`,`currency_fee_reward`,`start_time_h`,`end_time_h`,`end_time_m`,`start_time_m`,`is_lock_6`,`is_lock_7` FROM `yang_currency` WHERE ( is_line=1  ) ORDER BY sort  [ RunTime:0.0010s ]
SQL: SELECT COUNT(*) AS tp_count FROM `yang_message` WHERE `member_id` = '141' AND `status` = 0 LIMIT 1   [ RunTime:0.0098s ]
SQL: SELECT yang_currency_user.*,(yang_currency_user.num+yang_currency_user.forzen_num) as count,yang_currency.currency_name,yang_currency.currency_mark FROM `yang_currency_user` left join yang_currency on yang_currency.currency_id=yang_currency_user.currency_id  WHERE `member_id` = '141' ORDER BY sort  [ RunTime:0.0117s ]

[ 2017-07-01T12:04:35+08:00 ] 127.0.0.1 /Home/Index/personinfo.html
INFO: [ app_begin ] --START--
INFO: Run Behavior\ReadHtmlCacheBehavior [ RunTime:0.001953s ]
INFO: [ app_begin ] --END-- [ RunTime:0.002930s ]
SQL: SELECT `member_id`,`openid`,`email`,`pwd`,`pid`,`pwdtrade`,`nick`,`name`,`cardtype`,`idcard`,`phone`,`ip`,`reg_time`,`login_ip`,`login_time`,`rmb`,`forzen_rmb`,`head`,`profile`,`province`,`city`,`job`,`is_lock`,`status`,`dividend_num`,`threepwd`,(rmb+forzen_rmb) as count FROM `yang_member` WHERE ( member_id='141' ) LIMIT 1   [ RunTime:0.0010s ]
SQL: SELECT `currency_id`,`currency_name`,`currency_logo`,`currency_mark`,`currency_unit`,`currency_content`,`currency_all_num`,`currency_buy_fee`,`currency_sell_fee`,`currency_url`,`trade_currency_id`,`is_line`,`is_lock`,`port_number`,`add_time`,`status`,`rpc_url`,`rpc_pwd`,`rpc_user`,`currency_all_tibi`,`detail_url`,`qianbao_url`,`qianbao_key`,`price_up`,`price_down`,`sort`,`currency_digit_num`,`guanwang_url`,`currency_fee_reward`,`start_time_h`,`end_time_h`,`end_time_m`,`start_time_m`,`is_lock_6`,`is_lock_7` FROM `yang_currency` WHERE ( is_line=1  ) ORDER BY sort  [ RunTime:0.0000s ]
SQL: SELECT COUNT(*) AS tp_count FROM `yang_message` WHERE `member_id` = '141' AND `status` = 0 LIMIT 1   [ RunTime:0.0010s ]
SQL: SELECT yang_currency_user.*,(yang_currency_user.num+yang_currency_user.forzen_num) as count,yang_currency.currency_name,yang_currency.currency_mark FROM `yang_currency_user` left join yang_currency on yang_currency.currency_id=yang_currency_user.currency_id  WHERE `member_id` = '141' ORDER BY sort  [ RunTime:0.0010s ]

[ 2017-07-01T12:04:37+08:00 ] 127.0.0.1 /Home/Index/personinfo.html
INFO: [ app_begin ] --START--
INFO: Run Behavior\ReadHtmlCacheBehavior [ RunTime:0.000976s ]
INFO: [ app_begin ] --END-- [ RunTime:0.001953s ]
SQL: SELECT `member_id`,`openid`,`email`,`pwd`,`pid`,`pwdtrade`,`nick`,`name`,`cardtype`,`idcard`,`phone`,`ip`,`reg_time`,`login_ip`,`login_time`,`rmb`,`forzen_rmb`,`head`,`profile`,`province`,`city`,`job`,`is_lock`,`status`,`dividend_num`,`threepwd`,(rmb+forzen_rmb) as count FROM `yang_member` WHERE ( member_id='141' ) LIMIT 1   [ RunTime:0.0000s ]
SQL: SELECT `currency_id`,`currency_name`,`currency_logo`,`currency_mark`,`currency_unit`,`currency_content`,`currency_all_num`,`currency_buy_fee`,`currency_sell_fee`,`currency_url`,`trade_currency_id`,`is_line`,`is_lock`,`port_number`,`add_time`,`status`,`rpc_url`,`rpc_pwd`,`rpc_user`,`currency_all_tibi`,`detail_url`,`qianbao_url`,`qianbao_key`,`price_up`,`price_down`,`sort`,`currency_digit_num`,`guanwang_url`,`currency_fee_reward`,`start_time_h`,`end_time_h`,`end_time_m`,`start_time_m`,`is_lock_6`,`is_lock_7` FROM `yang_currency` WHERE ( is_line=1  ) ORDER BY sort  [ RunTime:0.0010s ]
SQL: SELECT COUNT(*) AS tp_count FROM `yang_message` WHERE `member_id` = '141' AND `status` = 0 LIMIT 1   [ RunTime:0.0000s ]
SQL: SELECT yang_currency_user.*,(yang_currency_user.num+yang_currency_user.forzen_num) as count,yang_currency.currency_name,yang_currency.currency_mark FROM `yang_currency_user` left join yang_currency on yang_currency.currency_id=yang_currency_user.currency_id  WHERE `member_id` = '141' ORDER BY sort  [ RunTime:0.0010s ]

[ 2017-07-01T12:05:06+08:00 ] 127.0.0.1 /Home/Index/personinfo.html
INFO: [ app_begin ] --START--
INFO: Run Behavior\ReadHtmlCacheBehavior [ RunTime:0.000976s ]
INFO: [ app_begin ] --END-- [ RunTime:0.002930s ]
SQL: SELECT `member_id`,`openid`,`email`,`pwd`,`pid`,`pwdtrade`,`nick`,`name`,`cardtype`,`idcard`,`phone`,`ip`,`reg_time`,`login_ip`,`login_time`,`rmb`,`forzen_rmb`,`head`,`profile`,`province`,`city`,`job`,`is_lock`,`status`,`dividend_num`,`threepwd`,(rmb+forzen_rmb) as count FROM `yang_member` WHERE ( member_id='141' ) LIMIT 1   [ RunTime:0.0000s ]
SQL: SELECT `currency_id`,`currency_name`,`currency_logo`,`currency_mark`,`currency_unit`,`currency_content`,`currency_all_num`,`currency_buy_fee`,`currency_sell_fee`,`currency_url`,`trade_currency_id`,`is_line`,`is_lock`,`port_number`,`add_time`,`status`,`rpc_url`,`rpc_pwd`,`rpc_user`,`currency_all_tibi`,`detail_url`,`qianbao_url`,`qianbao_key`,`price_up`,`price_down`,`sort`,`currency_digit_num`,`guanwang_url`,`currency_fee_reward`,`start_time_h`,`end_time_h`,`end_time_m`,`start_time_m`,`is_lock_6`,`is_lock_7` FROM `yang_currency` WHERE ( is_line=1  ) ORDER BY sort  [ RunTime:0.0010s ]
SQL: SELECT COUNT(*) AS tp_count FROM `yang_message` WHERE `member_id` = '141' AND `status` = 0 LIMIT 1   [ RunTime:0.0000s ]
SQL: SELECT yang_currency_user.*,(yang_currency_user.num+yang_currency_user.forzen_num) as count,yang_currency.currency_name,yang_currency.currency_mark FROM `yang_currency_user` left join yang_currency on yang_currency.currency_id=yang_currency_user.currency_id  WHERE `member_id` = '141' ORDER BY sort  [ RunTime:0.0000s ]

[ 2017-07-01T12:05:34+08:00 ] 127.0.0.1 /Home/Index/personinfo.html
INFO: [ app_begin ] --START--
INFO: Run Behavior\ReadHtmlCacheBehavior [ RunTime:0.000000s ]
INFO: [ app_begin ] --END-- [ RunTime:0.000977s ]
SQL: SELECT `member_id`,`openid`,`email`,`pwd`,`pid`,`pwdtrade`,`nick`,`name`,`cardtype`,`idcard`,`phone`,`ip`,`reg_time`,`login_ip`,`login_time`,`rmb`,`forzen_rmb`,`head`,`profile`,`province`,`city`,`job`,`is_lock`,`status`,`dividend_num`,`threepwd`,(rmb+forzen_rmb) as count FROM `yang_member` WHERE ( member_id='141' ) LIMIT 1   [ RunTime:0.0020s ]
SQL: SELECT `currency_id`,`currency_name`,`currency_logo`,`currency_mark`,`currency_unit`,`currency_content`,`currency_all_num`,`currency_buy_fee`,`currency_sell_fee`,`currency_url`,`trade_currency_id`,`is_line`,`is_lock`,`port_number`,`add_time`,`status`,`rpc_url`,`rpc_pwd`,`rpc_user`,`currency_all_tibi`,`detail_url`,`qianbao_url`,`qianbao_key`,`price_up`,`price_down`,`sort`,`currency_digit_num`,`guanwang_url`,`currency_fee_reward`,`start_time_h`,`end_time_h`,`end_time_m`,`start_time_m`,`is_lock_6`,`is_lock_7` FROM `yang_currency` WHERE ( is_line=1  ) ORDER BY sort  [ RunTime:0.0010s ]
SQL: SELECT COUNT(*) AS tp_count FROM `yang_message` WHERE `member_id` = '141' AND `status` = 0 LIMIT 1   [ RunTime:0.0020s ]
SQL: SELECT yang_currency_user.*,(yang_currency_user.num+yang_currency_user.forzen_num) as count,yang_currency.currency_name,yang_currency.currency_mark FROM `yang_currency_user` left join yang_currency on yang_currency.currency_id=yang_currency_user.currency_id  WHERE `member_id` = '141' ORDER BY sort  [ RunTime:0.0010s ]

[ 2017-07-01T12:05:45+08:00 ] 127.0.0.1 /Home/Index/personinfo.html
INFO: [ app_begin ] --START--
INFO: Run Behavior\ReadHtmlCacheBehavior [ RunTime:0.000000s ]
INFO: [ app_begin ] --END-- [ RunTime:0.000977s ]
SQL: SELECT `member_id`,`openid`,`email`,`pwd`,`pid`,`pwdtrade`,`nick`,`name`,`cardtype`,`idcard`,`phone`,`ip`,`reg_time`,`login_ip`,`login_time`,`rmb`,`forzen_rmb`,`head`,`profile`,`province`,`city`,`job`,`is_lock`,`status`,`dividend_num`,`threepwd`,(rmb+forzen_rmb) as count FROM `yang_member` WHERE ( member_id='141' ) LIMIT 1   [ RunTime:0.0000s ]
SQL: SELECT `currency_id`,`currency_name`,`currency_logo`,`currency_mark`,`currency_unit`,`currency_content`,`currency_all_num`,`currency_buy_fee`,`currency_sell_fee`,`currency_url`,`trade_currency_id`,`is_line`,`is_lock`,`port_number`,`add_time`,`status`,`rpc_url`,`rpc_pwd`,`rpc_user`,`currency_all_tibi`,`detail_url`,`qianbao_url`,`qianbao_key`,`price_up`,`price_down`,`sort`,`currency_digit_num`,`guanwang_url`,`currency_fee_reward`,`start_time_h`,`end_time_h`,`end_time_m`,`start_time_m`,`is_lock_6`,`is_lock_7` FROM `yang_currency` WHERE ( is_line=1  ) ORDER BY sort  [ RunTime:0.0000s ]
SQL: SELECT COUNT(*) AS tp_count FROM `yang_message` WHERE `member_id` = '141' AND `status` = 0 LIMIT 1   [ RunTime:0.0010s ]
SQL: SELECT yang_currency_user.*,(yang_currency_user.num+yang_currency_user.forzen_num) as count,yang_currency.currency_name,yang_currency.currency_mark FROM `yang_currency_user` left join yang_currency on yang_currency.currency_id=yang_currency_user.currency_id  WHERE `member_id` = '141' ORDER BY sort  [ RunTime:0.0010s ]

[ 2017-07-01T12:05:50+08:00 ] 127.0.0.1 /Home/Index/personinfo.html
INFO: [ app_begin ] --START--
INFO: Run Behavior\ReadHtmlCacheBehavior [ RunTime:0.000976s ]
INFO: [ app_begin ] --END-- [ RunTime:0.001953s ]
SQL: SELECT `member_id`,`openid`,`email`,`pwd`,`pid`,`pwdtrade`,`nick`,`name`,`cardtype`,`idcard`,`phone`,`ip`,`reg_time`,`login_ip`,`login_time`,`rmb`,`forzen_rmb`,`head`,`profile`,`province`,`city`,`job`,`is_lock`,`status`,`dividend_num`,`threepwd`,(rmb+forzen_rmb) as count FROM `yang_member` WHERE ( member_id='141' ) LIMIT 1   [ RunTime:0.0010s ]
SQL: SELECT `currency_id`,`currency_name`,`currency_logo`,`currency_mark`,`currency_unit`,`currency_content`,`currency_all_num`,`currency_buy_fee`,`currency_sell_fee`,`currency_url`,`trade_currency_id`,`is_line`,`is_lock`,`port_number`,`add_time`,`status`,`rpc_url`,`rpc_pwd`,`rpc_user`,`currency_all_tibi`,`detail_url`,`qianbao_url`,`qianbao_key`,`price_up`,`price_down`,`sort`,`currency_digit_num`,`guanwang_url`,`currency_fee_reward`,`start_time_h`,`end_time_h`,`end_time_m`,`start_time_m`,`is_lock_6`,`is_lock_7` FROM `yang_currency` WHERE ( is_line=1  ) ORDER BY sort  [ RunTime:0.0020s ]
SQL: SELECT COUNT(*) AS tp_count FROM `yang_message` WHERE `member_id` = '141' AND `status` = 0 LIMIT 1   [ RunTime:0.0010s ]
SQL: SELECT yang_currency_user.*,(yang_currency_user.num+yang_currency_user.forzen_num) as count,yang_currency.currency_name,yang_currency.currency_mark FROM `yang_currency_user` left join yang_currency on yang_currency.currency_id=yang_currency_user.currency_id  WHERE `member_id` = '141' ORDER BY sort  [ RunTime:0.0010s ]

[ 2017-07-01T12:05:53+08:00 ] 127.0.0.1 /Home/Index/personinfo.html
INFO: [ app_begin ] --START--
INFO: Run Behavior\ReadHtmlCacheBehavior [ RunTime:0.000977s ]
INFO: [ app_begin ] --END-- [ RunTime:0.001954s ]
SQL: SELECT `member_id`,`openid`,`email`,`pwd`,`pid`,`pwdtrade`,`nick`,`name`,`cardtype`,`idcard`,`phone`,`ip`,`reg_time`,`login_ip`,`login_time`,`rmb`,`forzen_rmb`,`head`,`profile`,`province`,`city`,`job`,`is_lock`,`status`,`dividend_num`,`threepwd`,(rmb+forzen_rmb) as count FROM `yang_member` WHERE ( member_id='141' ) LIMIT 1   [ RunTime:0.0010s ]
SQL: SELECT `currency_id`,`currency_name`,`currency_logo`,`currency_mark`,`currency_unit`,`currency_content`,`currency_all_num`,`currency_buy_fee`,`currency_sell_fee`,`currency_url`,`trade_currency_id`,`is_line`,`is_lock`,`port_number`,`add_time`,`status`,`rpc_url`,`rpc_pwd`,`rpc_user`,`currency_all_tibi`,`detail_url`,`qianbao_url`,`qianbao_key`,`price_up`,`price_down`,`sort`,`currency_digit_num`,`guanwang_url`,`currency_fee_reward`,`start_time_h`,`end_time_h`,`end_time_m`,`start_time_m`,`is_lock_6`,`is_lock_7` FROM `yang_currency` WHERE ( is_line=1  ) ORDER BY sort  [ RunTime:0.0010s ]
SQL: SELECT COUNT(*) AS tp_count FROM `yang_message` WHERE `member_id` = '141' AND `status` = 0 LIMIT 1   [ RunTime:0.0010s ]
SQL: SELECT yang_currency_user.*,(yang_currency_user.num+yang_currency_user.forzen_num) as count,yang_currency.currency_name,yang_currency.currency_mark FROM `yang_currency_user` left join yang_currency on yang_currency.currency_id=yang_currency_user.currency_id  WHERE `member_id` = '141' ORDER BY sort  [ RunTime:0.0020s ]

[ 2017-07-01T12:05:56+08:00 ] 127.0.0.1 /Home/Index/personinfo.html
INFO: [ app_begin ] --START--
INFO: Run Behavior\ReadHtmlCacheBehavior [ RunTime:0.000977s ]
INFO: [ app_begin ] --END-- [ RunTime:0.001954s ]
SQL: SELECT `member_id`,`openid`,`email`,`pwd`,`pid`,`pwdtrade`,`nick`,`name`,`cardtype`,`idcard`,`phone`,`ip`,`reg_time`,`login_ip`,`login_time`,`rmb`,`forzen_rmb`,`head`,`profile`,`province`,`city`,`job`,`is_lock`,`status`,`dividend_num`,`threepwd`,(rmb+forzen_rmb) as count FROM `yang_member` WHERE ( member_id='141' ) LIMIT 1   [ RunTime:0.0000s ]
SQL: SELECT `currency_id`,`currency_name`,`currency_logo`,`currency_mark`,`currency_unit`,`currency_content`,`currency_all_num`,`currency_buy_fee`,`currency_sell_fee`,`currency_url`,`trade_currency_id`,`is_line`,`is_lock`,`port_number`,`add_time`,`status`,`rpc_url`,`rpc_pwd`,`rpc_user`,`currency_all_tibi`,`detail_url`,`qianbao_url`,`qianbao_key`,`price_up`,`price_down`,`sort`,`currency_digit_num`,`guanwang_url`,`currency_fee_reward`,`start_time_h`,`end_time_h`,`end_time_m`,`start_time_m`,`is_lock_6`,`is_lock_7` FROM `yang_currency` WHERE ( is_line=1  ) ORDER BY sort  [ RunTime:0.0010s ]
SQL: SELECT COUNT(*) AS tp_count FROM `yang_message` WHERE `member_id` = '141' AND `status` = 0 LIMIT 1   [ RunTime:0.0010s ]
SQL: SELECT yang_currency_user.*,(yang_currency_user.num+yang_currency_user.forzen_num) as count,yang_currency.currency_name,yang_currency.currency_mark FROM `yang_currency_user` left join yang_currency on yang_currency.currency_id=yang_currency_user.currency_id  WHERE `member_id` = '141' ORDER BY sort  [ RunTime:0.0010s ]

[ 2017-07-01T12:05:59+08:00 ] 127.0.0.1 /Home/Index/personinfo.html
INFO: [ app_begin ] --START--
INFO: Run Behavior\ReadHtmlCacheBehavior [ RunTime:0.000000s ]
INFO: [ app_begin ] --END-- [ RunTime:0.000977s ]
SQL: SELECT `member_id`,`openid`,`email`,`pwd`,`pid`,`pwdtrade`,`nick`,`name`,`cardtype`,`idcard`,`phone`,`ip`,`reg_time`,`login_ip`,`login_time`,`rmb`,`forzen_rmb`,`head`,`profile`,`province`,`city`,`job`,`is_lock`,`status`,`dividend_num`,`threepwd`,(rmb+forzen_rmb) as count FROM `yang_member` WHERE ( member_id='141' ) LIMIT 1   [ RunTime:0.0010s ]
SQL: SELECT `currency_id`,`currency_name`,`currency_logo`,`currency_mark`,`currency_unit`,`currency_content`,`currency_all_num`,`currency_buy_fee`,`currency_sell_fee`,`currency_url`,`trade_currency_id`,`is_line`,`is_lock`,`port_number`,`add_time`,`status`,`rpc_url`,`rpc_pwd`,`rpc_user`,`currency_all_tibi`,`detail_url`,`qianbao_url`,`qianbao_key`,`price_up`,`price_down`,`sort`,`currency_digit_num`,`guanwang_url`,`currency_fee_reward`,`start_time_h`,`end_time_h`,`end_time_m`,`start_time_m`,`is_lock_6`,`is_lock_7` FROM `yang_currency` WHERE ( is_line=1  ) ORDER BY sort  [ RunTime:0.0010s ]
SQL: SELECT COUNT(*) AS tp_count FROM `yang_message` WHERE `member_id` = '141' AND `status` = 0 LIMIT 1   [ RunTime:0.0010s ]
SQL: SELECT yang_currency_user.*,(yang_currency_user.num+yang_currency_user.forzen_num) as count,yang_currency.currency_name,yang_currency.currency_mark FROM `yang_currency_user` left join yang_currency on yang_currency.currency_id=yang_currency_user.currency_id  WHERE `member_id` = '141' ORDER BY sort  [ RunTime:0.0010s ]

[ 2017-07-01T12:06:03+08:00 ] 127.0.0.1 /Home/Index/personinfo.html
INFO: [ app_begin ] --START--
INFO: Run Behavior\ReadHtmlCacheBehavior [ RunTime:0.000976s ]
INFO: [ app_begin ] --END-- [ RunTime:0.001953s ]
SQL: SELECT `member_id`,`openid`,`email`,`pwd`,`pid`,`pwdtrade`,`nick`,`name`,`cardtype`,`idcard`,`phone`,`ip`,`reg_time`,`login_ip`,`login_time`,`rmb`,`forzen_rmb`,`head`,`profile`,`province`,`city`,`job`,`is_lock`,`status`,`dividend_num`,`threepwd`,(rmb+forzen_rmb) as count FROM `yang_member` WHERE ( member_id='141' ) LIMIT 1   [ RunTime:0.0010s ]
SQL: SELECT `currency_id`,`currency_name`,`currency_logo`,`currency_mark`,`currency_unit`,`currency_content`,`currency_all_num`,`currency_buy_fee`,`currency_sell_fee`,`currency_url`,`trade_currency_id`,`is_line`,`is_lock`,`port_number`,`add_time`,`status`,`rpc_url`,`rpc_pwd`,`rpc_user`,`currency_all_tibi`,`detail_url`,`qianbao_url`,`qianbao_key`,`price_up`,`price_down`,`sort`,`currency_digit_num`,`guanwang_url`,`currency_fee_reward`,`start_time_h`,`end_time_h`,`end_time_m`,`start_time_m`,`is_lock_6`,`is_lock_7` FROM `yang_currency` WHERE ( is_line=1  ) ORDER BY sort  [ RunTime:0.0010s ]
SQL: SELECT COUNT(*) AS tp_count FROM `yang_message` WHERE `member_id` = '141' AND `status` = 0 LIMIT 1   [ RunTime:0.0010s ]
SQL: SELECT yang_currency_user.*,(yang_currency_user.num+yang_currency_user.forzen_num) as count,yang_currency.currency_name,yang_currency.currency_mark FROM `yang_currency_user` left join yang_currency on yang_currency.currency_id=yang_currency_user.currency_id  WHERE `member_id` = '141' ORDER BY sort  [ RunTime:0.0010s ]

[ 2017-07-01T12:08:58+08:00 ] 127.0.0.1 /Home/Index/personinfo.html
INFO: [ app_begin ] --START--
INFO: Run Behavior\ReadHtmlCacheBehavior [ RunTime:0.000976s ]
INFO: [ app_begin ] --END-- [ RunTime:0.001953s ]
SQL: SELECT `member_id`,`openid`,`email`,`pwd`,`pid`,`pwdtrade`,`nick`,`name`,`cardtype`,`idcard`,`phone`,`ip`,`reg_time`,`login_ip`,`login_time`,`rmb`,`forzen_rmb`,`head`,`profile`,`province`,`city`,`job`,`is_lock`,`status`,`dividend_num`,`threepwd`,(rmb+forzen_rmb) as count FROM `yang_member` WHERE ( member_id='141' ) LIMIT 1   [ RunTime:0.0010s ]
SQL: SELECT `currency_id`,`currency_name`,`currency_logo`,`currency_mark`,`currency_unit`,`currency_content`,`currency_all_num`,`currency_buy_fee`,`currency_sell_fee`,`currency_url`,`trade_currency_id`,`is_line`,`is_lock`,`port_number`,`add_time`,`status`,`rpc_url`,`rpc_pwd`,`rpc_user`,`currency_all_tibi`,`detail_url`,`qianbao_url`,`qianbao_key`,`price_up`,`price_down`,`sort`,`currency_digit_num`,`guanwang_url`,`currency_fee_reward`,`start_time_h`,`end_time_h`,`end_time_m`,`start_time_m`,`is_lock_6`,`is_lock_7` FROM `yang_currency` WHERE ( is_line=1  ) ORDER BY sort  [ RunTime:0.0010s ]
SQL: SELECT COUNT(*) AS tp_count FROM `yang_message` WHERE `member_id` = '141' AND `status` = 0 LIMIT 1   [ RunTime:0.0010s ]
SQL: SELECT yang_currency_user.*,(yang_currency_user.num+yang_currency_user.forzen_num) as count,yang_currency.currency_name,yang_currency.currency_mark FROM `yang_currency_user` left join yang_currency on yang_currency.currency_id=yang_currency_user.currency_id  WHERE `member_id` = '141' ORDER BY sort  [ RunTime:0.0010s ]

[ 2017-07-01T12:09:21+08:00 ] 127.0.0.1 /Home/Index/personinfo.html
INFO: [ app_begin ] --START--
INFO: Run Behavior\ReadHtmlCacheBehavior [ RunTime:0.000976s ]
INFO: [ app_begin ] --END-- [ RunTime:0.001953s ]
SQL: SELECT `member_id`,`openid`,`email`,`pwd`,`pid`,`pwdtrade`,`nick`,`name`,`cardtype`,`idcard`,`phone`,`ip`,`reg_time`,`login_ip`,`login_time`,`rmb`,`forzen_rmb`,`head`,`profile`,`province`,`city`,`job`,`is_lock`,`status`,`dividend_num`,`threepwd`,(rmb+forzen_rmb) as count FROM `yang_member` WHERE ( member_id='141' ) LIMIT 1   [ RunTime:0.0000s ]
SQL: SELECT `currency_id`,`currency_name`,`currency_logo`,`currency_mark`,`currency_unit`,`currency_content`,`currency_all_num`,`currency_buy_fee`,`currency_sell_fee`,`currency_url`,`trade_currency_id`,`is_line`,`is_lock`,`port_number`,`add_time`,`status`,`rpc_url`,`rpc_pwd`,`rpc_user`,`currency_all_tibi`,`detail_url`,`qianbao_url`,`qianbao_key`,`price_up`,`price_down`,`sort`,`currency_digit_num`,`guanwang_url`,`currency_fee_reward`,`start_time_h`,`end_time_h`,`end_time_m`,`start_time_m`,`is_lock_6`,`is_lock_7` FROM `yang_currency` WHERE ( is_line=1  ) ORDER BY sort  [ RunTime:0.0010s ]
SQL: SELECT COUNT(*) AS tp_count FROM `yang_message` WHERE `member_id` = '141' AND `status` = 0 LIMIT 1   [ RunTime:0.0000s ]
SQL: SELECT yang_currency_user.*,(yang_currency_user.num+yang_currency_user.forzen_num) as count,yang_currency.currency_name,yang_currency.currency_mark FROM `yang_currency_user` left join yang_currency on yang_currency.currency_id=yang_currency_user.currency_id  WHERE `member_id` = '141' ORDER BY sort  [ RunTime:0.0010s ]

[ 2017-07-01T12:10:04+08:00 ] 127.0.0.1 /Home/Pay/chongzhi_function.html
INFO: [ app_begin ] --START--
INFO: Run Behavior\ReadHtmlCacheBehavior [ RunTime:0.000976s ]
INFO: [ app_begin ] --END-- [ RunTime:0.000976s ]
SQL: SELECT `member_id`,`openid`,`email`,`pwd`,`pid`,`pwdtrade`,`nick`,`name`,`cardtype`,`idcard`,`phone`,`ip`,`reg_time`,`login_ip`,`login_time`,`rmb`,`forzen_rmb`,`head`,`profile`,`province`,`city`,`job`,`is_lock`,`status`,`dividend_num`,`threepwd`,(rmb+forzen_rmb) as count FROM `yang_member` WHERE ( member_id='141' ) LIMIT 1   [ RunTime:0.0010s ]
SQL: SELECT `currency_id`,`currency_name`,`currency_logo`,`currency_mark`,`currency_unit`,`currency_content`,`currency_all_num`,`currency_buy_fee`,`currency_sell_fee`,`currency_url`,`trade_currency_id`,`is_line`,`is_lock`,`port_number`,`add_time`,`status`,`rpc_url`,`rpc_pwd`,`rpc_user`,`currency_all_tibi`,`detail_url`,`qianbao_url`,`qianbao_key`,`price_up`,`price_down`,`sort`,`currency_digit_num`,`guanwang_url`,`currency_fee_reward`,`start_time_h`,`end_time_h`,`end_time_m`,`start_time_m`,`is_lock_6`,`is_lock_7` FROM `yang_currency` WHERE ( is_line=1  ) ORDER BY sort  [ RunTime:0.0010s ]
SQL: SELECT * FROM `yang_currency` WHERE ( currency_id='25' ) LIMIT 1   [ RunTime:0.0000s ]
SQL: SELECT * FROM `yang_currency` WHERE ( currency_id='25' ) LIMIT 1   [ RunTime:0.0000s ]
NOTIC: [2] Invalid argument supplied for foreach() D:\WWW\ggp\App\Home\Controller\PayController.class.php 第 470 行.
NOTIC: [8] Undefined variable: re D:\WWW\ggp\App\Home\Controller\PayController.class.php 第 512 行.

[ 2017-07-01T12:10:47+08:00 ] 127.0.0.1 /Home/Pay/chongzhi_function.html
INFO: [ app_begin ] --START--
INFO: Run Behavior\ReadHtmlCacheBehavior [ RunTime:0.000977s ]
INFO: [ app_begin ] --END-- [ RunTime:0.001953s ]
SQL: SELECT `member_id`,`openid`,`email`,`pwd`,`pid`,`pwdtrade`,`nick`,`name`,`cardtype`,`idcard`,`phone`,`ip`,`reg_time`,`login_ip`,`login_time`,`rmb`,`forzen_rmb`,`head`,`profile`,`province`,`city`,`job`,`is_lock`,`status`,`dividend_num`,`threepwd`,(rmb+forzen_rmb) as count FROM `yang_member` WHERE ( member_id='141' ) LIMIT 1   [ RunTime:0.0010s ]
SQL: SELECT `currency_id`,`currency_name`,`currency_logo`,`currency_mark`,`currency_unit`,`currency_content`,`currency_all_num`,`currency_buy_fee`,`currency_sell_fee`,`currency_url`,`trade_currency_id`,`is_line`,`is_lock`,`port_number`,`add_time`,`status`,`rpc_url`,`rpc_pwd`,`rpc_user`,`currency_all_tibi`,`detail_url`,`qianbao_url`,`qianbao_key`,`price_up`,`price_down`,`sort`,`currency_digit_num`,`guanwang_url`,`currency_fee_reward`,`start_time_h`,`end_time_h`,`end_time_m`,`start_time_m`,`is_lock_6`,`is_lock_7` FROM `yang_currency` WHERE ( is_line=1  ) ORDER BY sort  [ RunTime:0.0000s ]
SQL: SELECT * FROM `yang_currency` WHERE ( currency_id='25' ) LIMIT 1   [ RunTime:0.0010s ]
SQL: SELECT * FROM `yang_currency` WHERE ( currency_id='25' ) LIMIT 1   [ RunTime:0.0010s ]
NOTIC: [2] Invalid argument supplied for foreach() D:\WWW\ggp\App\Home\Controller\PayController.class.php 第 470 行.
NOTIC: [8] Undefined variable: re D:\WWW\ggp\App\Home\Controller\PayController.class.php 第 512 行.

[ 2017-07-01T12:11:29+08:00 ] 127.0.0.1 /Home/Pay/chongzhi_function.html
INFO: [ app_begin ] --START--
INFO: Run Behavior\ReadHtmlCacheBehavior [ RunTime:0.000976s ]
INFO: [ app_begin ] --END-- [ RunTime:0.000976s ]
SQL: SELECT `member_id`,`openid`,`email`,`pwd`,`pid`,`pwdtrade`,`nick`,`name`,`cardtype`,`idcard`,`phone`,`ip`,`reg_time`,`login_ip`,`login_time`,`rmb`,`forzen_rmb`,`head`,`profile`,`province`,`city`,`job`,`is_lock`,`status`,`dividend_num`,`threepwd`,(rmb+forzen_rmb) as count FROM `yang_member` WHERE ( member_id='141' ) LIMIT 1   [ RunTime:0.0000s ]
SQL: SELECT `currency_id`,`currency_name`,`currency_logo`,`currency_mark`,`currency_unit`,`currency_content`,`currency_all_num`,`currency_buy_fee`,`currency_sell_fee`,`currency_url`,`trade_currency_id`,`is_line`,`is_lock`,`port_number`,`add_time`,`status`,`rpc_url`,`rpc_pwd`,`rpc_user`,`currency_all_tibi`,`detail_url`,`qianbao_url`,`qianbao_key`,`price_up`,`price_down`,`sort`,`currency_digit_num`,`guanwang_url`,`currency_fee_reward`,`start_time_h`,`end_time_h`,`end_time_m`,`start_time_m`,`is_lock_6`,`is_lock_7` FROM `yang_currency` WHERE ( is_line=1  ) ORDER BY sort  [ RunTime:0.0010s ]
SQL: SELECT * FROM `yang_currency` WHERE ( currency_id='25' ) LIMIT 1   [ RunTime:0.0010s ]
SQL: SELECT * FROM `yang_currency` WHERE ( currency_id='25' ) LIMIT 1   [ RunTime:0.0000s ]
NOTIC: [2] Invalid argument supplied for foreach() D:\WWW\ggp\App\Home\Controller\PayController.class.php 第 470 行.
NOTIC: [8] Undefined variable: re D:\WWW\ggp\App\Home\Controller\PayController.class.php 第 512 行.

[ 2017-07-01T12:12:12+08:00 ] 127.0.0.1 /Home/Pay/chongzhi_function.html
INFO: [ app_begin ] --START--
INFO: Run Behavior\ReadHtmlCacheBehavior [ RunTime:0.000977s ]
INFO: [ app_begin ] --END-- [ RunTime:0.001953s ]
SQL: SELECT `member_id`,`openid`,`email`,`pwd`,`pid`,`pwdtrade`,`nick`,`name`,`cardtype`,`idcard`,`phone`,`ip`,`reg_time`,`login_ip`,`login_time`,`rmb`,`forzen_rmb`,`head`,`profile`,`province`,`city`,`job`,`is_lock`,`status`,`dividend_num`,`threepwd`,(rmb+forzen_rmb) as count FROM `yang_member` WHERE ( member_id='141' ) LIMIT 1   [ RunTime:0.0010s ]
SQL: SELECT `currency_id`,`currency_name`,`currency_logo`,`currency_mark`,`currency_unit`,`currency_content`,`currency_all_num`,`currency_buy_fee`,`currency_sell_fee`,`currency_url`,`trade_currency_id`,`is_line`,`is_lock`,`port_number`,`add_time`,`status`,`rpc_url`,`rpc_pwd`,`rpc_user`,`currency_all_tibi`,`detail_url`,`qianbao_url`,`qianbao_key`,`price_up`,`price_down`,`sort`,`currency_digit_num`,`guanwang_url`,`currency_fee_reward`,`start_time_h`,`end_time_h`,`end_time_m`,`start_time_m`,`is_lock_6`,`is_lock_7` FROM `yang_currency` WHERE ( is_line=1  ) ORDER BY sort  [ RunTime:0.0010s ]
SQL: SELECT * FROM `yang_currency` WHERE ( currency_id='25' ) LIMIT 1   [ RunTime:0.0000s ]
SQL: SELECT * FROM `yang_currency` WHERE ( currency_id='25' ) LIMIT 1   [ RunTime:0.0010s ]
NOTIC: [2] Invalid argument supplied for foreach() D:\WWW\ggp\App\Home\Controller\PayController.class.php 第 470 行.
NOTIC: [8] Undefined variable: re D:\WWW\ggp\App\Home\Controller\PayController.class.php 第 512 行.

[ 2017-07-01T12:12:54+08:00 ] 127.0.0.1 /Home/Pay/chongzhi_function.html
INFO: [ app_begin ] --START--
INFO: Run Behavior\ReadHtmlCacheBehavior [ RunTime:0.000000s ]
INFO: [ app_begin ] --END-- [ RunTime:0.000977s ]
SQL: SELECT `member_id`,`openid`,`email`,`pwd`,`pid`,`pwdtrade`,`nick`,`name`,`cardtype`,`idcard`,`phone`,`ip`,`reg_time`,`login_ip`,`login_time`,`rmb`,`forzen_rmb`,`head`,`profile`,`province`,`city`,`job`,`is_lock`,`status`,`dividend_num`,`threepwd`,(rmb+forzen_rmb) as count FROM `yang_member` WHERE ( member_id='141' ) LIMIT 1   [ RunTime:0.0010s ]
SQL: SELECT `currency_id`,`currency_name`,`currency_logo`,`currency_mark`,`currency_unit`,`currency_content`,`currency_all_num`,`currency_buy_fee`,`currency_sell_fee`,`currency_url`,`trade_currency_id`,`is_line`,`is_lock`,`port_number`,`add_time`,`status`,`rpc_url`,`rpc_pwd`,`rpc_user`,`currency_all_tibi`,`detail_url`,`qianbao_url`,`qianbao_key`,`price_up`,`price_down`,`sort`,`currency_digit_num`,`guanwang_url`,`currency_fee_reward`,`start_time_h`,`end_time_h`,`end_time_m`,`start_time_m`,`is_lock_6`,`is_lock_7` FROM `yang_currency` WHERE ( is_line=1  ) ORDER BY sort  [ RunTime:0.0020s ]
SQL: SELECT * FROM `yang_currency` WHERE ( currency_id='25' ) LIMIT 1   [ RunTime:0.0010s ]
SQL: SELECT * FROM `yang_currency` WHERE ( currency_id='25' ) LIMIT 1   [ RunTime:0.0010s ]
NOTIC: [2] Invalid argument supplied for foreach() D:\WWW\ggp\App\Home\Controller\PayController.class.php 第 470 行.
NOTIC: [8] Undefined variable: re D:\WWW\ggp\App\Home\Controller\PayController.class.php 第 512 行.

[ 2017-07-01T12:13:37+08:00 ] 127.0.0.1 /Home/Pay/chongzhi_function.html
INFO: [ app_begin ] --START--
INFO: Run Behavior\ReadHtmlCacheBehavior [ RunTime:0.000977s ]
INFO: [ app_begin ] --END-- [ RunTime:0.000977s ]
SQL: SELECT `member_id`,`openid`,`email`,`pwd`,`pid`,`pwdtrade`,`nick`,`name`,`cardtype`,`idcard`,`phone`,`ip`,`reg_time`,`login_ip`,`login_time`,`rmb`,`forzen_rmb`,`head`,`profile`,`province`,`city`,`job`,`is_lock`,`status`,`dividend_num`,`threepwd`,(rmb+forzen_rmb) as count FROM `yang_member` WHERE ( member_id='141' ) LIMIT 1   [ RunTime:0.0010s ]
SQL: SELECT `currency_id`,`currency_name`,`currency_logo`,`currency_mark`,`currency_unit`,`currency_content`,`currency_all_num`,`currency_buy_fee`,`currency_sell_fee`,`currency_url`,`trade_currency_id`,`is_line`,`is_lock`,`port_number`,`add_time`,`status`,`rpc_url`,`rpc_pwd`,`rpc_user`,`currency_all_tibi`,`detail_url`,`qianbao_url`,`qianbao_key`,`price_up`,`price_down`,`sort`,`currency_digit_num`,`guanwang_url`,`currency_fee_reward`,`start_time_h`,`end_time_h`,`end_time_m`,`start_time_m`,`is_lock_6`,`is_lock_7` FROM `yang_currency` WHERE ( is_line=1  ) ORDER BY sort  [ RunTime:0.0039s ]
SQL: SELECT * FROM `yang_currency` WHERE ( currency_id='25' ) LIMIT 1   [ RunTime:0.0010s ]
SQL: SELECT * FROM `yang_currency` WHERE ( currency_id='25' ) LIMIT 1   [ RunTime:0.0010s ]
NOTIC: [2] Invalid argument supplied for foreach() D:\WWW\ggp\App\Home\Controller\PayController.class.php 第 470 行.
NOTIC: [8] Undefined variable: re D:\WWW\ggp\App\Home\Controller\PayController.class.php 第 512 行.

[ 2017-07-01T12:14:19+08:00 ] 127.0.0.1 /Home/Pay/chongzhi_function.html
INFO: [ app_begin ] --START--
INFO: Run Behavior\ReadHtmlCacheBehavior [ RunTime:0.000977s ]
INFO: [ app_begin ] --END-- [ RunTime:0.004883s ]
SQL: SELECT `member_id`,`openid`,`email`,`pwd`,`pid`,`pwdtrade`,`nick`,`name`,`cardtype`,`idcard`,`phone`,`ip`,`reg_time`,`login_ip`,`login_time`,`rmb`,`forzen_rmb`,`head`,`profile`,`province`,`city`,`job`,`is_lock`,`status`,`dividend_num`,`threepwd`,(rmb+forzen_rmb) as count FROM `yang_member` WHERE ( member_id='141' ) LIMIT 1   [ RunTime:0.0010s ]
SQL: SELECT `currency_id`,`currency_name`,`currency_logo`,`currency_mark`,`currency_unit`,`currency_content`,`currency_all_num`,`currency_buy_fee`,`currency_sell_fee`,`currency_url`,`trade_currency_id`,`is_line`,`is_lock`,`port_number`,`add_time`,`status`,`rpc_url`,`rpc_pwd`,`rpc_user`,`currency_all_tibi`,`detail_url`,`qianbao_url`,`qianbao_key`,`price_up`,`price_down`,`sort`,`currency_digit_num`,`guanwang_url`,`currency_fee_reward`,`start_time_h`,`end_time_h`,`end_time_m`,`start_time_m`,`is_lock_6`,`is_lock_7` FROM `yang_currency` WHERE ( is_line=1  ) ORDER BY sort  [ RunTime:0.0049s ]
SQL: SELECT * FROM `yang_currency` WHERE ( currency_id='25' ) LIMIT 1   [ RunTime:0.0000s ]
SQL: SELECT * FROM `yang_currency` WHERE ( currency_id='25' ) LIMIT 1   [ RunTime:0.0000s ]
NOTIC: [2] Invalid argument supplied for foreach() D:\WWW\ggp\App\Home\Controller\PayController.class.php 第 470 行.
NOTIC: [8] Undefined variable: re D:\WWW\ggp\App\Home\Controller\PayController.class.php 第 512 行.

[ 2017-07-01T12:15:02+08:00 ] 127.0.0.1 /Home/Pay/chongzhi_function.html
INFO: [ app_begin ] --START--
INFO: Run Behavior\ReadHtmlCacheBehavior [ RunTime:0.000976s ]
INFO: [ app_begin ] --END-- [ RunTime:0.001953s ]
SQL: SELECT `member_id`,`openid`,`email`,`pwd`,`pid`,`pwdtrade`,`nick`,`name`,`cardtype`,`idcard`,`phone`,`ip`,`reg_time`,`login_ip`,`login_time`,`rmb`,`forzen_rmb`,`head`,`profile`,`province`,`city`,`job`,`is_lock`,`status`,`dividend_num`,`threepwd`,(rmb+forzen_rmb) as count FROM `yang_member` WHERE ( member_id='141' ) LIMIT 1   [ RunTime:0.0000s ]
SQL: SELECT `currency_id`,`currency_name`,`currency_logo`,`currency_mark`,`currency_unit`,`currency_content`,`currency_all_num`,`currency_buy_fee`,`currency_sell_fee`,`currency_url`,`trade_currency_id`,`is_line`,`is_lock`,`port_number`,`add_time`,`status`,`rpc_url`,`rpc_pwd`,`rpc_user`,`currency_all_tibi`,`detail_url`,`qianbao_url`,`qianbao_key`,`price_up`,`price_down`,`sort`,`currency_digit_num`,`guanwang_url`,`currency_fee_reward`,`start_time_h`,`end_time_h`,`end_time_m`,`start_time_m`,`is_lock_6`,`is_lock_7` FROM `yang_currency` WHERE ( is_line=1  ) ORDER BY sort  [ RunTime:0.0010s ]
SQL: SELECT * FROM `yang_currency` WHERE ( currency_id='25' ) LIMIT 1   [ RunTime:0.0010s ]
SQL: SELECT * FROM `yang_currency` WHERE ( currency_id='25' ) LIMIT 1   [ RunTime:0.0000s ]
NOTIC: [2] Invalid argument supplied for foreach() D:\WWW\ggp\App\Home\Controller\PayController.class.php 第 470 行.
NOTIC: [8] Undefined variable: re D:\WWW\ggp\App\Home\Controller\PayController.class.php 第 512 行.

[ 2017-07-01T12:15:44+08:00 ] 127.0.0.1 /Home/Pay/chongzhi_function.html
INFO: [ app_begin ] --START--
INFO: Run Behavior\ReadHtmlCacheBehavior [ RunTime:0.000976s ]
INFO: [ app_begin ] --END-- [ RunTime:0.000976s ]
SQL: SELECT `member_id`,`openid`,`email`,`pwd`,`pid`,`pwdtrade`,`nick`,`name`,`cardtype`,`idcard`,`phone`,`ip`,`reg_time`,`login_ip`,`login_time`,`rmb`,`forzen_rmb`,`head`,`profile`,`province`,`city`,`job`,`is_lock`,`status`,`dividend_num`,`threepwd`,(rmb+forzen_rmb) as count FROM `yang_member` WHERE ( member_id='141' ) LIMIT 1   [ RunTime:0.0010s ]
SQL: SELECT `currency_id`,`currency_name`,`currency_logo`,`currency_mark`,`currency_unit`,`currency_content`,`currency_all_num`,`currency_buy_fee`,`currency_sell_fee`,`currency_url`,`trade_currency_id`,`is_line`,`is_lock`,`port_number`,`add_time`,`status`,`rpc_url`,`rpc_pwd`,`rpc_user`,`currency_all_tibi`,`detail_url`,`qianbao_url`,`qianbao_key`,`price_up`,`price_down`,`sort`,`currency_digit_num`,`guanwang_url`,`currency_fee_reward`,`start_time_h`,`end_time_h`,`end_time_m`,`start_time_m`,`is_lock_6`,`is_lock_7` FROM `yang_currency` WHERE ( is_line=1  ) ORDER BY sort  [ RunTime:0.0010s ]
SQL: SELECT * FROM `yang_currency` WHERE ( currency_id='25' ) LIMIT 1   [ RunTime:0.0000s ]
SQL: SELECT * FROM `yang_currency` WHERE ( currency_id='25' ) LIMIT 1   [ RunTime:0.0000s ]
NOTIC: [2] Invalid argument supplied for foreach() D:\WWW\ggp\App\Home\Controller\PayController.class.php 第 470 行.
NOTIC: [8] Undefined variable: re D:\WWW\ggp\App\Home\Controller\PayController.class.php 第 512 行.

[ 2017-07-01T12:16:27+08:00 ] 127.0.0.1 /Home/Pay/chongzhi_function.html
INFO: [ app_begin ] --START--
INFO: Run Behavior\ReadHtmlCacheBehavior [ RunTime:0.000976s ]
INFO: [ app_begin ] --END-- [ RunTime:0.002929s ]
SQL: SELECT `member_id`,`openid`,`email`,`pwd`,`pid`,`pwdtrade`,`nick`,`name`,`cardtype`,`idcard`,`phone`,`ip`,`reg_time`,`login_ip`,`login_time`,`rmb`,`forzen_rmb`,`head`,`profile`,`province`,`city`,`job`,`is_lock`,`status`,`dividend_num`,`threepwd`,(rmb+forzen_rmb) as count FROM `yang_member` WHERE ( member_id='141' ) LIMIT 1   [ RunTime:0.0010s ]
SQL: SELECT `currency_id`,`currency_name`,`currency_logo`,`currency_mark`,`currency_unit`,`currency_content`,`currency_all_num`,`currency_buy_fee`,`currency_sell_fee`,`currency_url`,`trade_currency_id`,`is_line`,`is_lock`,`port_number`,`add_time`,`status`,`rpc_url`,`rpc_pwd`,`rpc_user`,`currency_all_tibi`,`detail_url`,`qianbao_url`,`qianbao_key`,`price_up`,`price_down`,`sort`,`currency_digit_num`,`guanwang_url`,`currency_fee_reward`,`start_time_h`,`end_time_h`,`end_time_m`,`start_time_m`,`is_lock_6`,`is_lock_7` FROM `yang_currency` WHERE ( is_line=1  ) ORDER BY sort  [ RunTime:0.0010s ]
SQL: SELECT * FROM `yang_currency` WHERE ( currency_id='25' ) LIMIT 1   [ RunTime:0.0000s ]
SQL: SELECT * FROM `yang_currency` WHERE ( currency_id='25' ) LIMIT 1   [ RunTime:0.0010s ]
NOTIC: [2] Invalid argument supplied for foreach() D:\WWW\ggp\App\Home\Controller\PayController.class.php 第 470 行.
NOTIC: [8] Undefined variable: re D:\WWW\ggp\App\Home\Controller\PayController.class.php 第 512 行.

[ 2017-07-01T12:17:09+08:00 ] 127.0.0.1 /Home/Pay/chongzhi_function.html
INFO: [ app_begin ] --START--
INFO: Run Behavior\ReadHtmlCacheBehavior [ RunTime:0.000000s ]
INFO: [ app_begin ] --END-- [ RunTime:0.000977s ]
SQL: SELECT `member_id`,`openid`,`email`,`pwd`,`pid`,`pwdtrade`,`nick`,`name`,`cardtype`,`idcard`,`phone`,`ip`,`reg_time`,`login_ip`,`login_time`,`rmb`,`forzen_rmb`,`head`,`profile`,`province`,`city`,`job`,`is_lock`,`status`,`dividend_num`,`threepwd`,(rmb+forzen_rmb) as count FROM `yang_member` WHERE ( member_id='141' ) LIMIT 1   [ RunTime:0.0010s ]
SQL: SELECT `currency_id`,`currency_name`,`currency_logo`,`currency_mark`,`currency_unit`,`currency_content`,`currency_all_num`,`currency_buy_fee`,`currency_sell_fee`,`currency_url`,`trade_currency_id`,`is_line`,`is_lock`,`port_number`,`add_time`,`status`,`rpc_url`,`rpc_pwd`,`rpc_user`,`currency_all_tibi`,`detail_url`,`qianbao_url`,`qianbao_key`,`price_up`,`price_down`,`sort`,`currency_digit_num`,`guanwang_url`,`currency_fee_reward`,`start_time_h`,`end_time_h`,`end_time_m`,`start_time_m`,`is_lock_6`,`is_lock_7` FROM `yang_currency` WHERE ( is_line=1  ) ORDER BY sort  [ RunTime:0.0010s ]
SQL: SELECT * FROM `yang_currency` WHERE ( currency_id='25' ) LIMIT 1   [ RunTime:0.0010s ]
SQL: SELECT * FROM `yang_currency` WHERE ( currency_id='25' ) LIMIT 1   [ RunTime:0.0010s ]
NOTIC: [2] Invalid argument supplied for foreach() D:\WWW\ggp\App\Home\Controller\PayController.class.php 第 470 行.
NOTIC: [8] Undefined variable: re D:\WWW\ggp\App\Home\Controller\PayController.class.php 第 512 行.

[ 2017-07-01T12:17:10+08:00 ] 127.0.0.1 /Home/Index/personinfo.html
INFO: [ app_begin ] --START--
INFO: Run Behavior\ReadHtmlCacheBehavior [ RunTime:0.000977s ]
INFO: [ app_begin ] --END-- [ RunTime:0.001953s ]
SQL: SELECT `member_id`,`openid`,`email`,`pwd`,`pid`,`pwdtrade`,`nick`,`name`,`cardtype`,`idcard`,`phone`,`ip`,`reg_time`,`login_ip`,`login_time`,`rmb`,`forzen_rmb`,`head`,`profile`,`province`,`city`,`job`,`is_lock`,`status`,`dividend_num`,`threepwd`,(rmb+forzen_rmb) as count FROM `yang_member` WHERE ( member_id='141' ) LIMIT 1   [ RunTime:0.0010s ]
SQL: SELECT `currency_id`,`currency_name`,`currency_logo`,`currency_mark`,`currency_unit`,`currency_content`,`currency_all_num`,`currency_buy_fee`,`currency_sell_fee`,`currency_url`,`trade_currency_id`,`is_line`,`is_lock`,`port_number`,`add_time`,`status`,`rpc_url`,`rpc_pwd`,`rpc_user`,`currency_all_tibi`,`detail_url`,`qianbao_url`,`qianbao_key`,`price_up`,`price_down`,`sort`,`currency_digit_num`,`guanwang_url`,`currency_fee_reward`,`start_time_h`,`end_time_h`,`end_time_m`,`start_time_m`,`is_lock_6`,`is_lock_7` FROM `yang_currency` WHERE ( is_line=1  ) ORDER BY sort  [ RunTime:0.0010s ]
SQL: SELECT COUNT(*) AS tp_count FROM `yang_message` WHERE `member_id` = '141' AND `status` = 0 LIMIT 1   [ RunTime:0.0000s ]
SQL: SELECT yang_currency_user.*,(yang_currency_user.num+yang_currency_user.forzen_num) as count,yang_currency.currency_name,yang_currency.currency_mark FROM `yang_currency_user` left join yang_currency on yang_currency.currency_id=yang_currency_user.currency_id  WHERE `member_id` = '141' ORDER BY sort  [ RunTime:0.0010s ]
SQL: SELECT `price` FROM `yang_trade_25` ORDER BY add_time desc LIMIT 1   [ RunTime:0.0010s ]
SQL: SELECT * FROM `yang_trade_25` ORDER BY add_time desc LIMIT 1   [ RunTime:0.0000s ]
SQL: SELECT * FROM `yang_trade_25` WHERE ( add_time<1498882630-60*60*24 ) ORDER BY add_time desc LIMIT 1   [ RunTime:0.0010s ]
SQL: SELECT * FROM `yang_trade_25` WHERE ( add_time<1498882630-60*60*24*7 ) ORDER BY add_time desc LIMIT 1   [ RunTime:0.0000s ]
SQL: SELECT sum(num) as allnum,sum(money) as all_money FROM `yang_trade_25` WHERE `add_time` BETWEEN 1498796230 AND 1498882630 AND `type` = 'buy' LIMIT 1   [ RunTime:0.0010s ]
SQL: SELECT `price` FROM `yang_trade_25` ORDER BY price desc LIMIT 1   [ RunTime:0.0000s ]
SQL: SELECT `price` FROM `yang_trade_25` ORDER BY price asc LIMIT 1   [ RunTime:0.0010s ]
SQL: SELECT `currency_name`,`currency_mark`,`currency_logo`,`currency_all_num` FROM `yang_currency` WHERE ( currency_id=25 ) LIMIT 1   [ RunTime:0.0000s ]
SQL: SELECT SUM(money) AS tp_sum FROM `yang_trade_25` LIMIT 1   [ RunTime:0.0010s ]
SQL: SELECT `price` FROM `yang_trade_26` ORDER BY add_time desc LIMIT 1   [ RunTime:0.0000s ]
SQL: SELECT * FROM `yang_trade_26` ORDER BY add_time desc LIMIT 1   [ RunTime:0.0010s ]
SQL: SELECT * FROM `yang_trade_26` WHERE ( add_time<1498882630-60*60*24 ) ORDER BY add_time desc LIMIT 1   [ RunTime:0.0000s ]
SQL: SELECT * FROM `yang_trade_26` WHERE ( add_time<1498882630-60*60*24*7 ) ORDER BY add_time desc LIMIT 1   [ RunTime:0.0000s ]
SQL: SELECT sum(num) as allnum,sum(money) as all_money FROM `yang_trade_26` WHERE `add_time` BETWEEN 1498796230 AND 1498882630 AND `type` = 'buy' LIMIT 1   [ RunTime:0.0010s ]
SQL: SELECT `price` FROM `yang_trade_26` ORDER BY price desc LIMIT 1   [ RunTime:0.0000s ]
SQL: SELECT `price` FROM `yang_trade_26` ORDER BY price asc LIMIT 1   [ RunTime:0.0010s ]
SQL: SELECT `currency_name`,`currency_mark`,`currency_logo`,`currency_all_num` FROM `yang_currency` WHERE ( currency_id=26 ) LIMIT 1   [ RunTime:0.0000s ]
SQL: SELECT SUM(money) AS tp_sum FROM `yang_trade_26` LIMIT 1   [ RunTime:0.0010s ]
SQL: SELECT `price` FROM `yang_trade_33` ORDER BY add_time desc LIMIT 1   [ RunTime:0.0000s ]
SQL: SELECT * FROM `yang_trade_33` ORDER BY add_time desc LIMIT 1   [ RunTime:0.0000s ]
SQL: SELECT * FROM `yang_trade_33` WHERE ( add_time<1498882630-60*60*24 ) ORDER BY add_time desc LIMIT 1   [ RunTime:0.0000s ]
SQL: SELECT * FROM `yang_trade_33` WHERE ( add_time<1498882630-60*60*24*7 ) ORDER BY add_time desc LIMIT 1   [ RunTime:0.0000s ]
SQL: SELECT sum(num) as allnum,sum(money) as all_money FROM `yang_trade_33` WHERE `add_time` BETWEEN 1498796230 AND 1498882630 AND `type` = 'buy' LIMIT 1   [ RunTime:0.0000s ]
SQL: SELECT `price` FROM `yang_trade_33` ORDER BY price desc LIMIT 1   [ RunTime:0.0000s ]
SQL: SELECT `price` FROM `yang_trade_33` ORDER BY price asc LIMIT 1   [ RunTime:0.0000s ]
SQL: SELECT `currency_name`,`currency_mark`,`currency_logo`,`currency_all_num` FROM `yang_currency` WHERE ( currency_id=33 ) LIMIT 1   [ RunTime:0.0000s ]
SQL: SELECT SUM(money) AS tp_sum FROM `yang_trade_33` LIMIT 1   [ RunTime:0.0000s ]
SQL: SELECT `price` FROM `yang_trade_32` ORDER BY add_time desc LIMIT 1   [ RunTime:0.0000s ]
SQL: SELECT * FROM `yang_trade_32` ORDER BY add_time desc LIMIT 1   [ RunTime:0.0000s ]
SQL: SELECT * FROM `yang_trade_32` WHERE ( add_time<1498882630-60*60*24 ) ORDER BY add_time desc LIMIT 1   [ RunTime:0.0000s ]
SQL: SELECT * FROM `yang_trade_32` WHERE ( add_time<1498882630-60*60*24*7 ) ORDER BY add_time desc LIMIT 1   [ RunTime:0.0010s ]
SQL: SELECT sum(num) as allnum,sum(money) as all_money FROM `yang_trade_32` WHERE `add_time` BETWEEN 1498796230 AND 1498882630 AND `type` = 'buy' LIMIT 1   [ RunTime:0.0000s ]
SQL: SELECT `price` FROM `yang_trade_32` ORDER BY price desc LIMIT 1   [ RunTime:0.0010s ]
SQL: SELECT `price` FROM `yang_trade_32` ORDER BY price asc LIMIT 1   [ RunTime:0.0000s ]
SQL: SELECT `currency_name`,`currency_mark`,`currency_logo`,`currency_all_num` FROM `yang_currency` WHERE ( currency_id=32 ) LIMIT 1   [ RunTime:0.0000s ]
SQL: SELECT SUM(money) AS tp_sum FROM `yang_trade_32` LIMIT 1   [ RunTime:0.0010s ]
SQL: SELECT `price` FROM `yang_trade_34` ORDER BY add_time desc LIMIT 1   [ RunTime:0.0010s ]
SQL: SELECT * FROM `yang_trade_34` ORDER BY add_time desc LIMIT 1   [ RunTime:0.0000s ]
SQL: SELECT * FROM `yang_trade_34` WHERE ( add_time<1498882630-60*60*24 ) ORDER BY add_time desc LIMIT 1   [ RunTime:0.0000s ]
SQL: SELECT * FROM `yang_trade_34` WHERE ( add_time<1498882630-60*60*24*7 ) ORDER BY add_time desc LIMIT 1   [ RunTime:0.0010s ]
SQL: SELECT sum(num) as allnum,sum(money) as all_money FROM `yang_trade_34` WHERE `add_time` BETWEEN 1498796230 AND 1498882630 AND `type` = 'buy' LIMIT 1   [ RunTime:0.0000s ]
SQL: SELECT `price` FROM `yang_trade_34` ORDER BY price desc LIMIT 1   [ RunTime:0.0000s ]
SQL: SELECT `price` FROM `yang_trade_34` ORDER BY price asc LIMIT 1   [ RunTime:0.0000s ]
SQL: SELECT `currency_name`,`currency_mark`,`currency_logo`,`currency_all_num` FROM `yang_currency` WHERE ( currency_id=34 ) LIMIT 1   [ RunTime:0.0010s ]
SQL: SELECT SUM(money) AS tp_sum FROM `yang_trade_34` LIMIT 1   [ RunTime:0.0000s ]

[ 2017-07-01T12:17:29+08:00 ] 127.0.0.1 /Home/Common/ajaxSandPhone.html
INFO: [ app_begin ] --START--
INFO: Run Behavior\ReadHtmlCacheBehavior [ RunTime:0.000977s ]
INFO: [ app_begin ] --END-- [ RunTime:0.001953s ]
SQL: SELECT `member_id`,`openid`,`email`,`pwd`,`pid`,`pwdtrade`,`nick`,`name`,`cardtype`,`idcard`,`phone`,`ip`,`reg_time`,`login_ip`,`login_time`,`rmb`,`forzen_rmb`,`head`,`profile`,`province`,`city`,`job`,`is_lock`,`status`,`dividend_num`,`threepwd`,(rmb+forzen_rmb) as count FROM `yang_member` WHERE ( member_id='141' ) LIMIT 1   [ RunTime:0.0010s ]
SQL: SELECT `currency_id`,`currency_name`,`currency_logo`,`currency_mark`,`currency_unit`,`currency_content`,`currency_all_num`,`currency_buy_fee`,`currency_sell_fee`,`currency_url`,`trade_currency_id`,`is_line`,`is_lock`,`port_number`,`add_time`,`status`,`rpc_url`,`rpc_pwd`,`rpc_user`,`currency_all_tibi`,`detail_url`,`qianbao_url`,`qianbao_key`,`price_up`,`price_down`,`sort`,`currency_digit_num`,`guanwang_url`,`currency_fee_reward`,`start_time_h`,`end_time_h`,`end_time_m`,`start_time_m`,`is_lock_6`,`is_lock_7` FROM `yang_currency` WHERE ( is_line=1  ) ORDER BY sort  [ RunTime:0.0010s ]

[ 2017-07-01T12:17:43+08:00 ] 127.0.0.1 /Home/Reg/ajaxCheckEmail.html?email=nibeixudao
INFO: [ app_begin ] --START--
INFO: Run Behavior\ReadHtmlCacheBehavior [ RunTime:0.000977s ]
INFO: [ app_begin ] --END-- [ RunTime:0.001953s ]
NOTIC: [2048] Declaration of Home\Controller\RegController::success() should be compatible with Think\Controller::success($message = '', $jumpUrl = '', $ajax = false) D:\WWW\ggp\App\Home\Controller\RegController.class.php 第 4 行.
SQL: SELECT `currency_id`,`currency_name`,`currency_logo`,`currency_mark`,`currency_unit`,`currency_content`,`currency_all_num`,`currency_buy_fee`,`currency_sell_fee`,`currency_url`,`trade_currency_id`,`is_line`,`is_lock`,`port_number`,`add_time`,`status`,`rpc_url`,`rpc_pwd`,`rpc_user`,`currency_all_tibi`,`detail_url`,`qianbao_url`,`qianbao_key`,`price_up`,`price_down`,`sort`,`currency_digit_num`,`guanwang_url`,`currency_fee_reward`,`start_time_h`,`end_time_h`,`end_time_m`,`start_time_m`,`is_lock_6`,`is_lock_7` FROM `yang_currency` WHERE ( is_line=1  ) ORDER BY sort  [ RunTime:0.0010s ]
SQL: SELECT * FROM `yang_member` WHERE `email` = 'nibeixudao' LIMIT 1   [ RunTime:0.0000s ]

[ 2017-07-01T12:17:55+08:00 ] 127.0.0.1 /Home/Reg/addReg.html
INFO: [ app_begin ] --START--
INFO: Run Behavior\ReadHtmlCacheBehavior [ RunTime:0.000976s ]
INFO: [ app_begin ] --END-- [ RunTime:0.001953s ]
NOTIC: [2048] Declaration of Home\Controller\RegController::success() should be compatible with Think\Controller::success($message = '', $jumpUrl = '', $ajax = false) D:\WWW\ggp\App\Home\Controller\RegController.class.php 第 4 行.
SQL: SELECT `currency_id`,`currency_name`,`currency_logo`,`currency_mark`,`currency_unit`,`currency_content`,`currency_all_num`,`currency_buy_fee`,`currency_sell_fee`,`currency_url`,`trade_currency_id`,`is_line`,`is_lock`,`port_number`,`add_time`,`status`,`rpc_url`,`rpc_pwd`,`rpc_user`,`currency_all_tibi`,`detail_url`,`qianbao_url`,`qianbao_key`,`price_up`,`price_down`,`sort`,`currency_digit_num`,`guanwang_url`,`currency_fee_reward`,`start_time_h`,`end_time_h`,`end_time_m`,`start_time_m`,`is_lock_6`,`is_lock_7` FROM `yang_currency` WHERE ( is_line=1  ) ORDER BY sort  [ RunTime:0.0010s ]
NOTIC: [8] Undefined index: validate D:\WWW\ggp\ThinkPHP\Library\Think\Model.class.php 第 1184 行.
SQL: SELECT * FROM `yang_member` WHERE `email` = 'nibeixudao' LIMIT 1   [ RunTime:0.0000s ]
NOTIC: [8] Undefined index: auto D:\WWW\ggp\ThinkPHP\Library\Think\Model.class.php 第 1127 行.
SQL: INSERT INTO `yang_member` (`email`,`pwd`,`pid`,`pwdtrade`,`reg_time`,`ip`) VALUES ('nibeixudao','fa9b5ec55962c97b617ae3bc58229fe1','','e10adc3949ba59abbe56e057f20f883e','1498882675','127.0.0.1') [ RunTime:0.0977s ]
NOTIC: [8] Undefined index: time D:\WWW\ggp\App\Home\Controller\RegController.class.php 第 96 行.
SQL: SELECT `cu_id`,`member_id`,`currency_id`,`num`,`forzen_num`,`status`,`chongzhi_url`,(num+forzen_num) as count FROM `yang_currency_user` WHERE `member_id` = 151 AND `currency_id` = 25 LIMIT 1   [ RunTime:0.0010s ]
SQL: INSERT INTO `yang_currency_user` (`member_id`,`currency_id`,`num`,`forzen_num`,`status`) VALUES ('151','25','0','0','0') [ RunTime:0.0459s ]
NOTIC: [8] Undefined index: time D:\WWW\ggp\App\Home\Controller\RegController.class.php 第 96 行.
SQL: SELECT `cu_id`,`member_id`,`currency_id`,`num`,`forzen_num`,`status`,`chongzhi_url`,(num+forzen_num) as count FROM `yang_currency_user` WHERE `member_id` = 151 AND `currency_id` = 26 LIMIT 1   [ RunTime:0.0010s ]
SQL: INSERT INTO `yang_currency_user` (`member_id`,`currency_id`,`num`,`forzen_num`,`status`) VALUES ('151','26','0','0','0') [ RunTime:0.0449s ]
NOTIC: [8] Undefined index: time D:\WWW\ggp\App\Home\Controller\RegController.class.php 第 96 行.
SQL: SELECT `cu_id`,`member_id`,`currency_id`,`num`,`forzen_num`,`status`,`chongzhi_url`,(num+forzen_num) as count FROM `yang_currency_user` WHERE `member_id` = 151 AND `currency_id` = 33 LIMIT 1   [ RunTime:0.0000s ]
SQL: INSERT INTO `yang_currency_user` (`member_id`,`currency_id`,`num`,`forzen_num`,`status`) VALUES ('151','33','0','0','0') [ RunTime:0.0449s ]
NOTIC: [8] Undefined index: time D:\WWW\ggp\App\Home\Controller\RegController.class.php 第 96 行.
SQL: SELECT `cu_id`,`member_id`,`currency_id`,`num`,`forzen_num`,`status`,`chongzhi_url`,(num+forzen_num) as count FROM `yang_currency_user` WHERE `member_id` = 151 AND `currency_id` = 34 LIMIT 1   [ RunTime:0.0010s ]
SQL: INSERT INTO `yang_currency_user` (`member_id`,`currency_id`,`num`,`forzen_num`,`status`) VALUES ('151','34','0','0','0') [ RunTime:0.0176s ]
NOTIC: [8] Undefined index: time D:\WWW\ggp\App\Home\Controller\RegController.class.php 第 96 行.
SQL: SELECT `cu_id`,`member_id`,`currency_id`,`num`,`forzen_num`,`status`,`chongzhi_url`,(num+forzen_num) as count FROM `yang_currency_user` WHERE `member_id` = 151 AND `currency_id` = 32 LIMIT 1   [ RunTime:0.0000s ]
SQL: INSERT INTO `yang_currency_user` (`member_id`,`currency_id`,`num`,`forzen_num`,`status`) VALUES ('151','32','0','0','0') [ RunTime:0.0479s ]

[ 2017-07-01T12:17:56+08:00 ] 127.0.0.1 /Home/Index/personinfo.html
INFO: [ app_begin ] --START--
INFO: Run Behavior\ReadHtmlCacheBehavior [ RunTime:0.000977s ]
INFO: [ app_begin ] --END-- [ RunTime:0.001953s ]
SQL: SELECT `member_id`,`openid`,`email`,`pwd`,`pid`,`pwdtrade`,`nick`,`name`,`cardtype`,`idcard`,`phone`,`ip`,`reg_time`,`login_ip`,`login_time`,`rmb`,`forzen_rmb`,`head`,`profile`,`province`,`city`,`job`,`is_lock`,`status`,`dividend_num`,`threepwd`,(rmb+forzen_rmb) as count FROM `yang_member` WHERE ( member_id='151' ) LIMIT 1   [ RunTime:0.0010s ]
SQL: SELECT `currency_id`,`currency_name`,`currency_logo`,`currency_mark`,`currency_unit`,`currency_content`,`currency_all_num`,`currency_buy_fee`,`currency_sell_fee`,`currency_url`,`trade_currency_id`,`is_line`,`is_lock`,`port_number`,`add_time`,`status`,`rpc_url`,`rpc_pwd`,`rpc_user`,`currency_all_tibi`,`detail_url`,`qianbao_url`,`qianbao_key`,`price_up`,`price_down`,`sort`,`currency_digit_num`,`guanwang_url`,`currency_fee_reward`,`start_time_h`,`end_time_h`,`end_time_m`,`start_time_m`,`is_lock_6`,`is_lock_7` FROM `yang_currency` WHERE ( is_line=1  ) ORDER BY sort  [ RunTime:0.0010s ]
SQL: SELECT COUNT(*) AS tp_count FROM `yang_message` WHERE `member_id` = '151' AND `status` = 0 LIMIT 1   [ RunTime:0.0010s ]
SQL: SELECT yang_currency_user.*,(yang_currency_user.num+yang_currency_user.forzen_num) as count,yang_currency.currency_name,yang_currency.currency_mark FROM `yang_currency_user` left join yang_currency on yang_currency.currency_id=yang_currency_user.currency_id  WHERE `member_id` = '151' ORDER BY sort  [ RunTime:0.0020s ]
SQL: SELECT `price` FROM `yang_trade_25` ORDER BY add_time desc LIMIT 1   [ RunTime:0.0000s ]
SQL: SELECT * FROM `yang_trade_25` ORDER BY add_time desc LIMIT 1   [ RunTime:0.0010s ]
SQL: SELECT * FROM `yang_trade_25` WHERE ( add_time<1498882676-60*60*24 ) ORDER BY add_time desc LIMIT 1   [ RunTime:0.0000s ]
SQL: SELECT * FROM `yang_trade_25` WHERE ( add_time<1498882676-60*60*24*7 ) ORDER BY add_time desc LIMIT 1   [ RunTime:0.0010s ]
SQL: SELECT sum(num) as allnum,sum(money) as all_money FROM `yang_trade_25` WHERE `add_time` BETWEEN 1498796276 AND 1498882676 AND `type` = 'buy' LIMIT 1   [ RunTime:0.0000s ]
SQL: SELECT `price` FROM `yang_trade_25` ORDER BY price desc LIMIT 1   [ RunTime:0.0010s ]
SQL: SELECT `price` FROM `yang_trade_25` ORDER BY price asc LIMIT 1   [ RunTime:0.0000s ]
SQL: SELECT `currency_name`,`currency_mark`,`currency_logo`,`currency_all_num` FROM `yang_currency` WHERE ( currency_id=25 ) LIMIT 1   [ RunTime:0.0010s ]
SQL: SELECT SUM(money) AS tp_sum FROM `yang_trade_25` LIMIT 1   [ RunTime:0.0000s ]
SQL: SELECT `price` FROM `yang_trade_26` ORDER BY add_time desc LIMIT 1   [ RunTime:0.0000s ]
SQL: SELECT * FROM `yang_trade_26` ORDER BY add_time desc LIMIT 1   [ RunTime:0.0000s ]
SQL: SELECT * FROM `yang_trade_26` WHERE ( add_time<1498882676-60*60*24 ) ORDER BY add_time desc LIMIT 1   [ RunTime:0.0000s ]
SQL: SELECT * FROM `yang_trade_26` WHERE ( add_time<1498882676-60*60*24*7 ) ORDER BY add_time desc LIMIT 1   [ RunTime:0.0000s ]
SQL: SELECT sum(num) as allnum,sum(money) as all_money FROM `yang_trade_26` WHERE `add_time` BETWEEN 1498796276 AND 1498882676 AND `type` = 'buy' LIMIT 1   [ RunTime:0.0000s ]
SQL: SELECT `price` FROM `yang_trade_26` ORDER BY price desc LIMIT 1   [ RunTime:0.0000s ]
SQL: SELECT `price` FROM `yang_trade_26` ORDER BY price asc LIMIT 1   [ RunTime:0.0000s ]
SQL: SELECT `currency_name`,`currency_mark`,`currency_logo`,`currency_all_num` FROM `yang_currency` WHERE ( currency_id=26 ) LIMIT 1   [ RunTime:0.0000s ]
SQL: SELECT SUM(money) AS tp_sum FROM `yang_trade_26` LIMIT 1   [ RunTime:0.0000s ]
SQL: SELECT `price` FROM `yang_trade_33` ORDER BY add_time desc LIMIT 1   [ RunTime:0.0000s ]
SQL: SELECT * FROM `yang_trade_33` ORDER BY add_time desc LIMIT 1   [ RunTime:0.0000s ]
SQL: SELECT * FROM `yang_trade_33` WHERE ( add_time<1498882676-60*60*24 ) ORDER BY add_time desc LIMIT 1   [ RunTime:0.0000s ]
SQL: SELECT * FROM `yang_trade_33` WHERE ( add_time<1498882676-60*60*24*7 ) ORDER BY add_time desc LIMIT 1   [ RunTime:0.0010s ]
SQL: SELECT sum(num) as allnum,sum(money) as all_money FROM `yang_trade_33` WHERE `add_time` BETWEEN 1498796276 AND 1498882676 AND `type` = 'buy' LIMIT 1   [ RunTime:0.0000s ]
SQL: SELECT `price` FROM `yang_trade_33` ORDER BY price desc LIMIT 1   [ RunTime:0.0000s ]
SQL: SELECT `price` FROM `yang_trade_33` ORDER BY price asc LIMIT 1   [ RunTime:0.0010s ]
SQL: SELECT `currency_name`,`currency_mark`,`currency_logo`,`currency_all_num` FROM `yang_currency` WHERE ( currency_id=33 ) LIMIT 1   [ RunTime:0.0000s ]
SQL: SELECT SUM(money) AS tp_sum FROM `yang_trade_33` LIMIT 1   [ RunTime:0.0000s ]
SQL: SELECT `price` FROM `yang_trade_32` ORDER BY add_time desc LIMIT 1   [ RunTime:0.0000s ]
SQL: SELECT * FROM `yang_trade_32` ORDER BY add_time desc LIMIT 1   [ RunTime:0.0010s ]
SQL: SELECT * FROM `yang_trade_32` WHERE ( add_time<1498882676-60*60*24 ) ORDER BY add_time desc LIMIT 1   [ RunTime:0.0000s ]
SQL: SELECT * FROM `yang_trade_32` WHERE ( add_time<1498882676-60*60*24*7 ) ORDER BY add_time desc LIMIT 1   [ RunTime:0.0010s ]
SQL: SELECT sum(num) as allnum,sum(money) as all_money FROM `yang_trade_32` WHERE `add_time` BETWEEN 1498796276 AND 1498882676 AND `type` = 'buy' LIMIT 1   [ RunTime:0.0000s ]
SQL: SELECT `price` FROM `yang_trade_32` ORDER BY price desc LIMIT 1   [ RunTime:0.0000s ]
SQL: SELECT `price` FROM `yang_trade_32` ORDER BY price asc LIMIT 1   [ RunTime:0.0000s ]
SQL: SELECT `currency_name`,`currency_mark`,`currency_logo`,`currency_all_num` FROM `yang_currency` WHERE ( currency_id=32 ) LIMIT 1   [ RunTime:0.0000s ]
SQL: SELECT SUM(money) AS tp_sum FROM `yang_trade_32` LIMIT 1   [ RunTime:0.0000s ]
SQL: SELECT `price` FROM `yang_trade_34` ORDER BY add_time desc LIMIT 1   [ RunTime:0.0000s ]
SQL: SELECT * FROM `yang_trade_34` ORDER BY add_time desc LIMIT 1   [ RunTime:0.0000s ]
SQL: SELECT * FROM `yang_trade_34` WHERE ( add_time<1498882676-60*60*24 ) ORDER BY add_time desc LIMIT 1   [ RunTime:0.0000s ]
SQL: SELECT * FROM `yang_trade_34` WHERE ( add_time<1498882676-60*60*24*7 ) ORDER BY add_time desc LIMIT 1   [ RunTime:0.0000s ]
SQL: SELECT sum(num) as allnum,sum(money) as all_money FROM `yang_trade_34` WHERE `add_time` BETWEEN 1498796276 AND 1498882676 AND `type` = 'buy' LIMIT 1   [ RunTime:0.0010s ]
SQL: SELECT `price` FROM `yang_trade_34` ORDER BY price desc LIMIT 1   [ RunTime:0.0000s ]
SQL: SELECT `price` FROM `yang_trade_34` ORDER BY price asc LIMIT 1   [ RunTime:0.0000s ]
SQL: SELECT `currency_name`,`currency_mark`,`currency_logo`,`currency_all_num` FROM `yang_currency` WHERE ( currency_id=34 ) LIMIT 1   [ RunTime:0.0000s ]
SQL: SELECT SUM(money) AS tp_sum FROM `yang_trade_34` LIMIT 1   [ RunTime:0.0000s ]

[ 2017-07-01T12:18:02+08:00 ] 127.0.0.1 /Home/Index/personinfo.html
INFO: [ app_begin ] --START--
INFO: Run Behavior\ReadHtmlCacheBehavior [ RunTime:0.001953s ]
INFO: [ app_begin ] --END-- [ RunTime:0.002930s ]
SQL: SELECT `member_id`,`openid`,`email`,`pwd`,`pid`,`pwdtrade`,`nick`,`name`,`cardtype`,`idcard`,`phone`,`ip`,`reg_time`,`login_ip`,`login_time`,`rmb`,`forzen_rmb`,`head`,`profile`,`province`,`city`,`job`,`is_lock`,`status`,`dividend_num`,`threepwd`,(rmb+forzen_rmb) as count FROM `yang_member` WHERE ( member_id='151' ) LIMIT 1   [ RunTime:0.0010s ]
SQL: SELECT `currency_id`,`currency_name`,`currency_logo`,`currency_mark`,`currency_unit`,`currency_content`,`currency_all_num`,`currency_buy_fee`,`currency_sell_fee`,`currency_url`,`trade_currency_id`,`is_line`,`is_lock`,`port_number`,`add_time`,`status`,`rpc_url`,`rpc_pwd`,`rpc_user`,`currency_all_tibi`,`detail_url`,`qianbao_url`,`qianbao_key`,`price_up`,`price_down`,`sort`,`currency_digit_num`,`guanwang_url`,`currency_fee_reward`,`start_time_h`,`end_time_h`,`end_time_m`,`start_time_m`,`is_lock_6`,`is_lock_7` FROM `yang_currency` WHERE ( is_line=1  ) ORDER BY sort  [ RunTime:0.0010s ]
SQL: SELECT COUNT(*) AS tp_count FROM `yang_message` WHERE `member_id` = '151' AND `status` = 0 LIMIT 1   [ RunTime:0.0000s ]
SQL: SELECT yang_currency_user.*,(yang_currency_user.num+yang_currency_user.forzen_num) as count,yang_currency.currency_name,yang_currency.currency_mark FROM `yang_currency_user` left join yang_currency on yang_currency.currency_id=yang_currency_user.currency_id  WHERE `member_id` = '151' ORDER BY sort  [ RunTime:0.0010s ]

[ 2017-07-01T12:18:06+08:00 ] 127.0.0.1 /Home/Index/personinfo.html
INFO: [ app_begin ] --START--
INFO: Run Behavior\ReadHtmlCacheBehavior [ RunTime:0.001953s ]
INFO: [ app_begin ] --END-- [ RunTime:0.002929s ]
SQL: SELECT `member_id`,`openid`,`email`,`pwd`,`pid`,`pwdtrade`,`nick`,`name`,`cardtype`,`idcard`,`phone`,`ip`,`reg_time`,`login_ip`,`login_time`,`rmb`,`forzen_rmb`,`head`,`profile`,`province`,`city`,`job`,`is_lock`,`status`,`dividend_num`,`threepwd`,(rmb+forzen_rmb) as count FROM `yang_member` WHERE ( member_id='151' ) LIMIT 1   [ RunTime:0.0010s ]
SQL: SELECT `currency_id`,`currency_name`,`currency_logo`,`currency_mark`,`currency_unit`,`currency_content`,`currency_all_num`,`currency_buy_fee`,`currency_sell_fee`,`currency_url`,`trade_currency_id`,`is_line`,`is_lock`,`port_number`,`add_time`,`status`,`rpc_url`,`rpc_pwd`,`rpc_user`,`currency_all_tibi`,`detail_url`,`qianbao_url`,`qianbao_key`,`price_up`,`price_down`,`sort`,`currency_digit_num`,`guanwang_url`,`currency_fee_reward`,`start_time_h`,`end_time_h`,`end_time_m`,`start_time_m`,`is_lock_6`,`is_lock_7` FROM `yang_currency` WHERE ( is_line=1  ) ORDER BY sort  [ RunTime:0.0010s ]
SQL: SELECT COUNT(*) AS tp_count FROM `yang_message` WHERE `member_id` = '151' AND `status` = 0 LIMIT 1   [ RunTime:0.0000s ]
SQL: SELECT yang_currency_user.*,(yang_currency_user.num+yang_currency_user.forzen_num) as count,yang_currency.currency_name,yang_currency.currency_mark FROM `yang_currency_user` left join yang_currency on yang_currency.currency_id=yang_currency_user.currency_id  WHERE `member_id` = '151' ORDER BY sort  [ RunTime:0.0010s ]

[ 2017-07-01T12:18:08+08:00 ] 127.0.0.1 /Home/Index/personinfo.html
INFO: [ app_begin ] --START--
INFO: Run Behavior\ReadHtmlCacheBehavior [ RunTime:0.001953s ]
INFO: [ app_begin ] --END-- [ RunTime:0.003906s ]
SQL: SELECT `member_id`,`openid`,`email`,`pwd`,`pid`,`pwdtrade`,`nick`,`name`,`cardtype`,`idcard`,`phone`,`ip`,`reg_time`,`login_ip`,`login_time`,`rmb`,`forzen_rmb`,`head`,`profile`,`province`,`city`,`job`,`is_lock`,`status`,`dividend_num`,`threepwd`,(rmb+forzen_rmb) as count FROM `yang_member` WHERE ( member_id='151' ) LIMIT 1   [ RunTime:0.0010s ]
SQL: SELECT `currency_id`,`currency_name`,`currency_logo`,`currency_mark`,`currency_unit`,`currency_content`,`currency_all_num`,`currency_buy_fee`,`currency_sell_fee`,`currency_url`,`trade_currency_id`,`is_line`,`is_lock`,`port_number`,`add_time`,`status`,`rpc_url`,`rpc_pwd`,`rpc_user`,`currency_all_tibi`,`detail_url`,`qianbao_url`,`qianbao_key`,`price_up`,`price_down`,`sort`,`currency_digit_num`,`guanwang_url`,`currency_fee_reward`,`start_time_h`,`end_time_h`,`end_time_m`,`start_time_m`,`is_lock_6`,`is_lock_7` FROM `yang_currency` WHERE ( is_line=1  ) ORDER BY sort  [ RunTime:0.0010s ]
SQL: SELECT COUNT(*) AS tp_count FROM `yang_message` WHERE `member_id` = '151' AND `status` = 0 LIMIT 1   [ RunTime:0.0010s ]
SQL: SELECT yang_currency_user.*,(yang_currency_user.num+yang_currency_user.forzen_num) as count,yang_currency.currency_name,yang_currency.currency_mark FROM `yang_currency_user` left join yang_currency on yang_currency.currency_id=yang_currency_user.currency_id  WHERE `member_id` = '151' ORDER BY sort  [ RunTime:0.0010s ]

[ 2017-07-01T12:18:11+08:00 ] 127.0.0.1 /Home/Index/personinfo.html
INFO: [ app_begin ] --START--
INFO: Run Behavior\ReadHtmlCacheBehavior [ RunTime:0.000000s ]
INFO: [ app_begin ] --END-- [ RunTime:0.000977s ]
SQL: SELECT `member_id`,`openid`,`email`,`pwd`,`pid`,`pwdtrade`,`nick`,`name`,`cardtype`,`idcard`,`phone`,`ip`,`reg_time`,`login_ip`,`login_time`,`rmb`,`forzen_rmb`,`head`,`profile`,`province`,`city`,`job`,`is_lock`,`status`,`dividend_num`,`threepwd`,(rmb+forzen_rmb) as count FROM `yang_member` WHERE ( member_id='151' ) LIMIT 1   [ RunTime:0.0010s ]
SQL: SELECT `currency_id`,`currency_name`,`currency_logo`,`currency_mark`,`currency_unit`,`currency_content`,`currency_all_num`,`currency_buy_fee`,`currency_sell_fee`,`currency_url`,`trade_currency_id`,`is_line`,`is_lock`,`port_number`,`add_time`,`status`,`rpc_url`,`rpc_pwd`,`rpc_user`,`currency_all_tibi`,`detail_url`,`qianbao_url`,`qianbao_key`,`price_up`,`price_down`,`sort`,`currency_digit_num`,`guanwang_url`,`currency_fee_reward`,`start_time_h`,`end_time_h`,`end_time_m`,`start_time_m`,`is_lock_6`,`is_lock_7` FROM `yang_currency` WHERE ( is_line=1  ) ORDER BY sort  [ RunTime:0.0010s ]
SQL: SELECT COUNT(*) AS tp_count FROM `yang_message` WHERE `member_id` = '151' AND `status` = 0 LIMIT 1   [ RunTime:0.0000s ]
SQL: SELECT yang_currency_user.*,(yang_currency_user.num+yang_currency_user.forzen_num) as count,yang_currency.currency_name,yang_currency.currency_mark FROM `yang_currency_user` left join yang_currency on yang_currency.currency_id=yang_currency_user.currency_id  WHERE `member_id` = '151' ORDER BY sort  [ RunTime:0.0010s ]

[ 2017-07-01T12:33:42+08:00 ] 127.0.0.1 /Home/Orders/index/currency/_PUBLIC__/Home/js/script.js
ERR: 1146:Table 'ggp.yang_trade' doesn't exist
 [ SQL语句 ] : SHOW COLUMNS FROM `yang_trade`

[ 2017-07-01T12:33:42+08:00 ] 127.0.0.1 /Home/Orders/index/currency/_PUBLIC__/Home/js/script.js
ERR: 1146:Table 'ggp.yang_trade' doesn't exist
 [ SQL语句 ] : SHOW COLUMNS FROM `yang_trade`

[ 2017-07-01T12:34:22+08:00 ] 127.0.0.1 /Home/Index/currency_info.html
INFO: [ app_begin ] --START--
INFO: Run Behavior\ReadHtmlCacheBehavior [ RunTime:0.000977s ]
INFO: [ app_begin ] --END-- [ RunTime:0.001954s ]
SQL: SELECT `currency_id`,`currency_name`,`currency_logo`,`currency_mark`,`currency_unit`,`currency_content`,`currency_all_num`,`currency_buy_fee`,`currency_sell_fee`,`currency_url`,`trade_currency_id`,`is_line`,`is_lock`,`port_number`,`add_time`,`status`,`rpc_url`,`rpc_pwd`,`rpc_user`,`currency_all_tibi`,`detail_url`,`qianbao_url`,`qianbao_key`,`price_up`,`price_down`,`sort`,`currency_digit_num`,`guanwang_url`,`currency_fee_reward`,`start_time_h`,`end_time_h`,`end_time_m`,`start_time_m`,`is_lock_6`,`is_lock_7` FROM `yang_currency` WHERE ( is_line=1  ) ORDER BY sort  [ RunTime:0.0010s ]

[ 2017-07-01T12:41:31+08:00 ] 127.0.0.1 /Home/Index/currency_info.html
INFO: [ app_begin ] --START--
INFO: Run Behavior\ReadHtmlCacheBehavior [ RunTime:0.000977s ]
INFO: [ app_begin ] --END-- [ RunTime:0.000977s ]
SQL: SELECT `currency_id`,`currency_name`,`currency_logo`,`currency_mark`,`currency_unit`,`currency_content`,`currency_all_num`,`currency_buy_fee`,`currency_sell_fee`,`currency_url`,`trade_currency_id`,`is_line`,`is_lock`,`port_number`,`add_time`,`status`,`rpc_url`,`rpc_pwd`,`rpc_user`,`currency_all_tibi`,`detail_url`,`qianbao_url`,`qianbao_key`,`price_up`,`price_down`,`sort`,`currency_digit_num`,`guanwang_url`,`currency_fee_reward`,`start_time_h`,`end_time_h`,`end_time_m`,`start_time_m`,`is_lock_6`,`is_lock_7` FROM `yang_currency` WHERE ( is_line=1  ) ORDER BY sort  [ RunTime:0.0010s ]

[ 2017-07-01T12:42:27+08:00 ] 127.0.0.1 /Home/Index/currency_info.html
INFO: [ app_begin ] --START--
INFO: Run Behavior\ReadHtmlCacheBehavior [ RunTime:0.000977s ]
INFO: [ app_begin ] --END-- [ RunTime:0.000977s ]
SQL: SELECT `currency_id`,`currency_name`,`currency_logo`,`currency_mark`,`currency_unit`,`currency_content`,`currency_all_num`,`currency_buy_fee`,`currency_sell_fee`,`currency_url`,`trade_currency_id`,`is_line`,`is_lock`,`port_number`,`add_time`,`status`,`rpc_url`,`rpc_pwd`,`rpc_user`,`currency_all_tibi`,`detail_url`,`qianbao_url`,`qianbao_key`,`price_up`,`price_down`,`sort`,`currency_digit_num`,`guanwang_url`,`currency_fee_reward`,`start_time_h`,`end_time_h`,`end_time_m`,`start_time_m`,`is_lock_6`,`is_lock_7` FROM `yang_currency` WHERE ( is_line=1  ) ORDER BY sort  [ RunTime:0.0010s ]
SQL: SELECT `price` FROM `yang_trade_25` ORDER BY add_time desc LIMIT 1   [ RunTime:0.0000s ]
SQL: SELECT * FROM `yang_trade_25` ORDER BY add_time desc LIMIT 1   [ RunTime:0.0010s ]
SQL: SELECT * FROM `yang_trade_25` WHERE ( add_time<1498884147-60*60*24 ) ORDER BY add_time desc LIMIT 1   [ RunTime:0.0000s ]
SQL: SELECT * FROM `yang_trade_25` WHERE ( add_time<1498884147-60*60*24*7 ) ORDER BY add_time desc LIMIT 1   [ RunTime:0.0010s ]
SQL: SELECT sum(num) as allnum,sum(money) as all_money FROM `yang_trade_25` WHERE `add_time` BETWEEN 1498797747 AND 1498884147 AND `type` = 'buy' LIMIT 1   [ RunTime:0.0000s ]
SQL: SELECT `price` FROM `yang_trade_25` ORDER BY price desc LIMIT 1   [ RunTime:0.0000s ]
SQL: SELECT `price` FROM `yang_trade_25` ORDER BY price asc LIMIT 1   [ RunTime:0.0000s ]
SQL: SELECT `currency_name`,`currency_mark`,`currency_logo`,`currency_all_num` FROM `yang_currency` WHERE ( currency_id=25 ) LIMIT 1   [ RunTime:0.0010s ]
SQL: SELECT SUM(money) AS tp_sum FROM `yang_trade_25` LIMIT 1   [ RunTime:0.0000s ]
SQL: SELECT `price` FROM `yang_trade_26` ORDER BY add_time desc LIMIT 1   [ RunTime:0.0010s ]
SQL: SELECT * FROM `yang_trade_26` ORDER BY add_time desc LIMIT 1   [ RunTime:0.0000s ]
SQL: SELECT * FROM `yang_trade_26` WHERE ( add_time<1498884147-60*60*24 ) ORDER BY add_time desc LIMIT 1   [ RunTime:0.0010s ]
SQL: SELECT * FROM `yang_trade_26` WHERE ( add_time<1498884147-60*60*24*7 ) ORDER BY add_time desc LIMIT 1   [ RunTime:0.0000s ]
SQL: SELECT sum(num) as allnum,sum(money) as all_money FROM `yang_trade_26` WHERE `add_time` BETWEEN 1498797747 AND 1498884147 AND `type` = 'buy' LIMIT 1   [ RunTime:0.0010s ]
SQL: SELECT `price` FROM `yang_trade_26` ORDER BY price desc LIMIT 1   [ RunTime:0.0000s ]
SQL: SELECT `price` FROM `yang_trade_26` ORDER BY price asc LIMIT 1   [ RunTime:0.0010s ]
SQL: SELECT `currency_name`,`currency_mark`,`currency_logo`,`currency_all_num` FROM `yang_currency` WHERE ( currency_id=26 ) LIMIT 1   [ RunTime:0.0000s ]
SQL: SELECT SUM(money) AS tp_sum FROM `yang_trade_26` LIMIT 1   [ RunTime:0.0000s ]
SQL: SELECT `price` FROM `yang_trade_33` ORDER BY add_time desc LIMIT 1   [ RunTime:0.0000s ]
SQL: SELECT * FROM `yang_trade_33` ORDER BY add_time desc LIMIT 1   [ RunTime:0.0010s ]
SQL: SELECT * FROM `yang_trade_33` WHERE ( add_time<1498884147-60*60*24 ) ORDER BY add_time desc LIMIT 1   [ RunTime:0.0000s ]
SQL: SELECT * FROM `yang_trade_33` WHERE ( add_time<1498884147-60*60*24*7 ) ORDER BY add_time desc LIMIT 1   [ RunTime:0.0010s ]
SQL: SELECT sum(num) as allnum,sum(money) as all_money FROM `yang_trade_33` WHERE `add_time` BETWEEN 1498797747 AND 1498884147 AND `type` = 'buy' LIMIT 1   [ RunTime:0.0000s ]
SQL: SELECT `price` FROM `yang_trade_33` ORDER BY price desc LIMIT 1   [ RunTime:0.0010s ]
SQL: SELECT `price` FROM `yang_trade_33` ORDER BY price asc LIMIT 1   [ RunTime:0.0000s ]
SQL: SELECT `currency_name`,`currency_mark`,`currency_logo`,`currency_all_num` FROM `yang_currency` WHERE ( currency_id=33 ) LIMIT 1   [ RunTime:0.0010s ]
SQL: SELECT SUM(money) AS tp_sum FROM `yang_trade_33` LIMIT 1   [ RunTime:0.0000s ]
SQL: SELECT `price` FROM `yang_trade_34` ORDER BY add_time desc LIMIT 1   [ RunTime:0.0010s ]
SQL: SELECT * FROM `yang_trade_34` ORDER BY add_time desc LIMIT 1   [ RunTime:0.0000s ]
SQL: SELECT * FROM `yang_trade_34` WHERE ( add_time<1498884147-60*60*24 ) ORDER BY add_time desc LIMIT 1   [ RunTime:0.0010s ]
SQL: SELECT * FROM `yang_trade_34` WHERE ( add_time<1498884147-60*60*24*7 ) ORDER BY add_time desc LIMIT 1   [ RunTime:0.0000s ]
SQL: SELECT sum(num) as allnum,sum(money) as all_money FROM `yang_trade_34` WHERE `add_time` BETWEEN 1498797747 AND 1498884147 AND `type` = 'buy' LIMIT 1   [ RunTime:0.0010s ]
SQL: SELECT `price` FROM `yang_trade_34` ORDER BY price desc LIMIT 1   [ RunTime:0.0000s ]
SQL: SELECT `price` FROM `yang_trade_34` ORDER BY price asc LIMIT 1   [ RunTime:0.0000s ]
SQL: SELECT `currency_name`,`currency_mark`,`currency_logo`,`currency_all_num` FROM `yang_currency` WHERE ( currency_id=34 ) LIMIT 1   [ RunTime:0.0000s ]
SQL: SELECT SUM(money) AS tp_sum FROM `yang_trade_34` LIMIT 1   [ RunTime:0.0010s ]
SQL: SELECT `price` FROM `yang_trade_32` ORDER BY add_time desc LIMIT 1   [ RunTime:0.0000s ]
SQL: SELECT * FROM `yang_trade_32` ORDER BY add_time desc LIMIT 1   [ RunTime:0.0010s ]
SQL: SELECT * FROM `yang_trade_32` WHERE ( add_time<1498884147-60*60*24 ) ORDER BY add_time desc LIMIT 1   [ RunTime:0.0000s ]
SQL: SELECT * FROM `yang_trade_32` WHERE ( add_time<1498884147-60*60*24*7 ) ORDER BY add_time desc LIMIT 1   [ RunTime:0.0010s ]
SQL: SELECT sum(num) as allnum,sum(money) as all_money FROM `yang_trade_32` WHERE `add_time` BETWEEN 1498797747 AND 1498884147 AND `type` = 'buy' LIMIT 1   [ RunTime:0.0000s ]
SQL: SELECT `price` FROM `yang_trade_32` ORDER BY price desc LIMIT 1   [ RunTime:0.0010s ]
SQL: SELECT `price` FROM `yang_trade_32` ORDER BY price asc LIMIT 1   [ RunTime:0.0000s ]
SQL: SELECT `currency_name`,`currency_mark`,`currency_logo`,`currency_all_num` FROM `yang_currency` WHERE ( currency_id=32 ) LIMIT 1   [ RunTime:0.0010s ]
SQL: SELECT SUM(money) AS tp_sum FROM `yang_trade_32` LIMIT 1   [ RunTime:0.0000s ]

