[ 2017-05-11T14:12:49+08:00 ] 127.0.0.1 /Home/Orders/index/currency/_PUBLIC__/Home/js/script.js
ERR: 1146:Table 'ggp.yang_trade' doesn't exist
 [ SQL语句 ] : SHOW COLUMNS FROM `yang_trade`

[ 2017-05-11T14:12:55+08:00 ] 127.0.0.1 /Home/Kline/getKline.html
INFO: [ app_begin ] --START--
INFO: Run Behavior\ReadHtmlCacheBehavior [ RunTime:0.000977s ]
INFO: [ app_begin ] --END-- [ RunTime:0.000977s ]
SQL: SELECT `currency_id`,`currency_name`,`currency_logo`,`currency_mark`,`currency_unit`,`currency_content`,`currency_all_num`,`currency_buy_fee`,`currency_sell_fee`,`currency_url`,`trade_currency_id`,`is_line`,`is_lock`,`port_number`,`add_time`,`status`,`rpc_url`,`rpc_pwd`,`rpc_user`,`currency_all_tibi`,`detail_url`,`qianbao_url`,`qianbao_key`,`price_up`,`price_down`,`sort`,`currency_digit_num`,`guanwang_url`,`currency_fee_reward`,`start_time_h`,`end_time_h`,`end_time_m`,`start_time_m`,`is_lock_6`,`is_lock_7` FROM `yang_currency` WHERE ( is_line=1  ) ORDER BY sort  [ RunTime:0.0791s ]
NOTIC: [2] file_get_contents(KlineData/KLineData_kline_0_26.js): failed to open stream: No such file or directory D:\WWW\ggp\App\Home\Controller\KlineController.class.php 第 198 行.
INFO: [ app_end ] --START--
INFO: Run Behavior\ShowPageTraceBehavior [ RunTime:0.000976s ]
INFO: [ app_end ] --END-- [ RunTime:0.000976s ]

[ 2017-05-11T14:12:55+08:00 ] 127.0.0.1 /Home/Kline/getKline.html
INFO: [ app_begin ] --START--
INFO: Run Behavior\ReadHtmlCacheBehavior [ RunTime:0.000976s ]
INFO: [ app_begin ] --END-- [ RunTime:0.000976s ]
SQL: SELECT `currency_id`,`currency_name`,`currency_logo`,`currency_mark`,`currency_unit`,`currency_content`,`currency_all_num`,`currency_buy_fee`,`currency_sell_fee`,`currency_url`,`trade_currency_id`,`is_line`,`is_lock`,`port_number`,`add_time`,`status`,`rpc_url`,`rpc_pwd`,`rpc_user`,`currency_all_tibi`,`detail_url`,`qianbao_url`,`qianbao_key`,`price_up`,`price_down`,`sort`,`currency_digit_num`,`guanwang_url`,`currency_fee_reward`,`start_time_h`,`end_time_h`,`end_time_m`,`start_time_m`,`is_lock_6`,`is_lock_7` FROM `yang_currency` WHERE ( is_line=1  ) ORDER BY sort  [ RunTime:0.0352s ]
NOTIC: [2] file_get_contents(KlineData/KLineData_kline_0_26.js): failed to open stream: No such file or directory D:\WWW\ggp\App\Home\Controller\KlineController.class.php 第 198 行.
INFO: [ app_end ] --START--
INFO: Run Behavior\ShowPageTraceBehavior [ RunTime:0.000976s ]
INFO: [ app_end ] --END-- [ RunTime:0.000976s ]

[ 2017-05-11T14:12:55+08:00 ] 127.0.0.1 /Home/Kline/getKline.html
INFO: [ app_begin ] --START--
INFO: Run Behavior\ReadHtmlCacheBehavior [ RunTime:0.000977s ]
INFO: [ app_begin ] --END-- [ RunTime:0.001953s ]
SQL: SELECT `currency_id`,`currency_name`,`currency_logo`,`currency_mark`,`currency_unit`,`currency_content`,`currency_all_num`,`currency_buy_fee`,`currency_sell_fee`,`currency_url`,`trade_currency_id`,`is_line`,`is_lock`,`port_number`,`add_time`,`status`,`rpc_url`,`rpc_pwd`,`rpc_user`,`currency_all_tibi`,`detail_url`,`qianbao_url`,`qianbao_key`,`price_up`,`price_down`,`sort`,`currency_digit_num`,`guanwang_url`,`currency_fee_reward`,`start_time_h`,`end_time_h`,`end_time_m`,`start_time_m`,`is_lock_6`,`is_lock_7` FROM `yang_currency` WHERE ( is_line=1  ) ORDER BY sort  [ RunTime:0.0195s ]
NOTIC: [2] file_get_contents(KlineData/KLineData_kline_0_26.js): failed to open stream: No such file or directory D:\WWW\ggp\App\Home\Controller\KlineController.class.php 第 198 行.
INFO: [ app_end ] --START--
INFO: Run Behavior\ShowPageTraceBehavior [ RunTime:0.000977s ]
INFO: [ app_end ] --END-- [ RunTime:0.000977s ]

[ 2017-05-11T14:12:56+08:00 ] 127.0.0.1 /Home/Kline/getKline.html
INFO: [ app_begin ] --START--
INFO: Run Behavior\ReadHtmlCacheBehavior [ RunTime:0.000977s ]
INFO: [ app_begin ] --END-- [ RunTime:0.000977s ]
SQL: SELECT `currency_id`,`currency_name`,`currency_logo`,`currency_mark`,`currency_unit`,`currency_content`,`currency_all_num`,`currency_buy_fee`,`currency_sell_fee`,`currency_url`,`trade_currency_id`,`is_line`,`is_lock`,`port_number`,`add_time`,`status`,`rpc_url`,`rpc_pwd`,`rpc_user`,`currency_all_tibi`,`detail_url`,`qianbao_url`,`qianbao_key`,`price_up`,`price_down`,`sort`,`currency_digit_num`,`guanwang_url`,`currency_fee_reward`,`start_time_h`,`end_time_h`,`end_time_m`,`start_time_m`,`is_lock_6`,`is_lock_7` FROM `yang_currency` WHERE ( is_line=1  ) ORDER BY sort  [ RunTime:0.0186s ]
NOTIC: [2] file_get_contents(KlineData/KLineData_kline_0_26.js): failed to open stream: No such file or directory D:\WWW\ggp\App\Home\Controller\KlineController.class.php 第 198 行.
INFO: [ app_end ] --START--
INFO: Run Behavior\ShowPageTraceBehavior [ RunTime:0.000977s ]
INFO: [ app_end ] --END-- [ RunTime:0.000977s ]

[ 2017-05-11T14:12:56+08:00 ] 127.0.0.1 /Home/Kline/getKline.html
INFO: [ app_begin ] --START--
INFO: Run Behavior\ReadHtmlCacheBehavior [ RunTime:0.000977s ]
INFO: [ app_begin ] --END-- [ RunTime:0.000977s ]
SQL: SELECT `currency_id`,`currency_name`,`currency_logo`,`currency_mark`,`currency_unit`,`currency_content`,`currency_all_num`,`currency_buy_fee`,`currency_sell_fee`,`currency_url`,`trade_currency_id`,`is_line`,`is_lock`,`port_number`,`add_time`,`status`,`rpc_url`,`rpc_pwd`,`rpc_user`,`currency_all_tibi`,`detail_url`,`qianbao_url`,`qianbao_key`,`price_up`,`price_down`,`sort`,`currency_digit_num`,`guanwang_url`,`currency_fee_reward`,`start_time_h`,`end_time_h`,`end_time_m`,`start_time_m`,`is_lock_6`,`is_lock_7` FROM `yang_currency` WHERE ( is_line=1  ) ORDER BY sort  [ RunTime:0.0186s ]
NOTIC: [2] file_get_contents(KlineData/KLineData_kline_0_26.js): failed to open stream: No such file or directory D:\WWW\ggp\App\Home\Controller\KlineController.class.php 第 198 行.
INFO: [ app_end ] --START--
INFO: Run Behavior\ShowPageTraceBehavior [ RunTime:0.000977s ]
INFO: [ app_end ] --END-- [ RunTime:0.000977s ]

[ 2017-05-11T14:12:56+08:00 ] 127.0.0.1 /Home/Kline/getKline.html
INFO: [ app_begin ] --START--
INFO: Run Behavior\ReadHtmlCacheBehavior [ RunTime:0.000977s ]
INFO: [ app_begin ] --END-- [ RunTime:0.000977s ]
SQL: SELECT `currency_id`,`currency_name`,`currency_logo`,`currency_mark`,`currency_unit`,`currency_content`,`currency_all_num`,`currency_buy_fee`,`currency_sell_fee`,`currency_url`,`trade_currency_id`,`is_line`,`is_lock`,`port_number`,`add_time`,`status`,`rpc_url`,`rpc_pwd`,`rpc_user`,`currency_all_tibi`,`detail_url`,`qianbao_url`,`qianbao_key`,`price_up`,`price_down`,`sort`,`currency_digit_num`,`guanwang_url`,`currency_fee_reward`,`start_time_h`,`end_time_h`,`end_time_m`,`start_time_m`,`is_lock_6`,`is_lock_7` FROM `yang_currency` WHERE ( is_line=1  ) ORDER BY sort  [ RunTime:0.0215s ]
NOTIC: [2] file_get_contents(KlineData/KLineData_kline_0_26.js): failed to open stream: No such file or directory D:\WWW\ggp\App\Home\Controller\KlineController.class.php 第 198 行.
INFO: [ app_end ] --START--
INFO: Run Behavior\ShowPageTraceBehavior [ RunTime:0.000976s ]
INFO: [ app_end ] --END-- [ RunTime:0.000976s ]

[ 2017-05-11T14:12:56+08:00 ] 127.0.0.1 /Home/Kline/getKline.html
INFO: [ app_begin ] --START--
INFO: Run Behavior\ReadHtmlCacheBehavior [ RunTime:0.000000s ]
INFO: [ app_begin ] --END-- [ RunTime:0.000977s ]
SQL: SELECT `currency_id`,`currency_name`,`currency_logo`,`currency_mark`,`currency_unit`,`currency_content`,`currency_all_num`,`currency_buy_fee`,`currency_sell_fee`,`currency_url`,`trade_currency_id`,`is_line`,`is_lock`,`port_number`,`add_time`,`status`,`rpc_url`,`rpc_pwd`,`rpc_user`,`currency_all_tibi`,`detail_url`,`qianbao_url`,`qianbao_key`,`price_up`,`price_down`,`sort`,`currency_digit_num`,`guanwang_url`,`currency_fee_reward`,`start_time_h`,`end_time_h`,`end_time_m`,`start_time_m`,`is_lock_6`,`is_lock_7` FROM `yang_currency` WHERE ( is_line=1  ) ORDER BY sort  [ RunTime:0.0205s ]
NOTIC: [2] file_get_contents(KlineData/KLineData_kline_0_26.js): failed to open stream: No such file or directory D:\WWW\ggp\App\Home\Controller\KlineController.class.php 第 198 行.
INFO: [ app_end ] --START--
INFO: Run Behavior\ShowPageTraceBehavior [ RunTime:0.000977s ]
INFO: [ app_end ] --END-- [ RunTime:0.000977s ]

[ 2017-05-11T14:12:57+08:00 ] 127.0.0.1 /Home/Kline/getKline.html
INFO: [ app_begin ] --START--
INFO: Run Behavior\ReadHtmlCacheBehavior [ RunTime:0.000976s ]
INFO: [ app_begin ] --END-- [ RunTime:0.000976s ]
SQL: SELECT `currency_id`,`currency_name`,`currency_logo`,`currency_mark`,`currency_unit`,`currency_content`,`currency_all_num`,`currency_buy_fee`,`currency_sell_fee`,`currency_url`,`trade_currency_id`,`is_line`,`is_lock`,`port_number`,`add_time`,`status`,`rpc_url`,`rpc_pwd`,`rpc_user`,`currency_all_tibi`,`detail_url`,`qianbao_url`,`qianbao_key`,`price_up`,`price_down`,`sort`,`currency_digit_num`,`guanwang_url`,`currency_fee_reward`,`start_time_h`,`end_time_h`,`end_time_m`,`start_time_m`,`is_lock_6`,`is_lock_7` FROM `yang_currency` WHERE ( is_line=1  ) ORDER BY sort  [ RunTime:0.0234s ]
NOTIC: [2] file_get_contents(KlineData/KLineData_kline_0_26.js): failed to open stream: No such file or directory D:\WWW\ggp\App\Home\Controller\KlineController.class.php 第 198 行.
INFO: [ app_end ] --START--
INFO: Run Behavior\ShowPageTraceBehavior [ RunTime:0.000977s ]
INFO: [ app_end ] --END-- [ RunTime:0.000977s ]

[ 2017-05-11T14:12:57+08:00 ] 127.0.0.1 /Home/Kline/getKline.html
INFO: [ app_begin ] --START--
INFO: Run Behavior\ReadHtmlCacheBehavior [ RunTime:0.000977s ]
INFO: [ app_begin ] --END-- [ RunTime:0.001953s ]
SQL: SELECT `currency_id`,`currency_name`,`currency_logo`,`currency_mark`,`currency_unit`,`currency_content`,`currency_all_num`,`currency_buy_fee`,`currency_sell_fee`,`currency_url`,`trade_currency_id`,`is_line`,`is_lock`,`port_number`,`add_time`,`status`,`rpc_url`,`rpc_pwd`,`rpc_user`,`currency_all_tibi`,`detail_url`,`qianbao_url`,`qianbao_key`,`price_up`,`price_down`,`sort`,`currency_digit_num`,`guanwang_url`,`currency_fee_reward`,`start_time_h`,`end_time_h`,`end_time_m`,`start_time_m`,`is_lock_6`,`is_lock_7` FROM `yang_currency` WHERE ( is_line=1  ) ORDER BY sort  [ RunTime:0.0195s ]
NOTIC: [2] file_get_contents(KlineData/KLineData_kline_0_26.js): failed to open stream: No such file or directory D:\WWW\ggp\App\Home\Controller\KlineController.class.php 第 198 行.
INFO: [ app_end ] --START--
INFO: Run Behavior\ShowPageTraceBehavior [ RunTime:0.000977s ]
INFO: [ app_end ] --END-- [ RunTime:0.000977s ]

[ 2017-05-11T14:12:58+08:00 ] 127.0.0.1 /Home/Kline/getKline.html
INFO: [ app_begin ] --START--
INFO: Run Behavior\ReadHtmlCacheBehavior [ RunTime:0.000977s ]
INFO: [ app_begin ] --END-- [ RunTime:0.000977s ]
SQL: SELECT `currency_id`,`currency_name`,`currency_logo`,`currency_mark`,`currency_unit`,`currency_content`,`currency_all_num`,`currency_buy_fee`,`currency_sell_fee`,`currency_url`,`trade_currency_id`,`is_line`,`is_lock`,`port_number`,`add_time`,`status`,`rpc_url`,`rpc_pwd`,`rpc_user`,`currency_all_tibi`,`detail_url`,`qianbao_url`,`qianbao_key`,`price_up`,`price_down`,`sort`,`currency_digit_num`,`guanwang_url`,`currency_fee_reward`,`start_time_h`,`end_time_h`,`end_time_m`,`start_time_m`,`is_lock_6`,`is_lock_7` FROM `yang_currency` WHERE ( is_line=1  ) ORDER BY sort  [ RunTime:0.1387s ]
NOTIC: [2] file_get_contents(KlineData/KLineData_kline_0_26.js): failed to open stream: No such file or directory D:\WWW\ggp\App\Home\Controller\KlineController.class.php 第 198 行.
INFO: [ app_end ] --START--
INFO: Run Behavior\ShowPageTraceBehavior [ RunTime:0.000976s ]
INFO: [ app_end ] --END-- [ RunTime:0.000976s ]

[ 2017-05-11T14:12:58+08:00 ] 127.0.0.1 /Home/Kline/getKline.html
INFO: [ app_begin ] --START--
INFO: Run Behavior\ReadHtmlCacheBehavior [ RunTime:0.000000s ]
INFO: [ app_begin ] --END-- [ RunTime:0.000976s ]
SQL: SELECT `currency_id`,`currency_name`,`currency_logo`,`currency_mark`,`currency_unit`,`currency_content`,`currency_all_num`,`currency_buy_fee`,`currency_sell_fee`,`currency_url`,`trade_currency_id`,`is_line`,`is_lock`,`port_number`,`add_time`,`status`,`rpc_url`,`rpc_pwd`,`rpc_user`,`currency_all_tibi`,`detail_url`,`qianbao_url`,`qianbao_key`,`price_up`,`price_down`,`sort`,`currency_digit_num`,`guanwang_url`,`currency_fee_reward`,`start_time_h`,`end_time_h`,`end_time_m`,`start_time_m`,`is_lock_6`,`is_lock_7` FROM `yang_currency` WHERE ( is_line=1  ) ORDER BY sort  [ RunTime:0.0322s ]
NOTIC: [2] file_get_contents(KlineData/KLineData_kline_0_26.js): failed to open stream: No such file or directory D:\WWW\ggp\App\Home\Controller\KlineController.class.php 第 198 行.
INFO: [ app_end ] --START--
INFO: Run Behavior\ShowPageTraceBehavior [ RunTime:0.000977s ]
INFO: [ app_end ] --END-- [ RunTime:0.001953s ]

[ 2017-05-11T14:12:58+08:00 ] 127.0.0.1 /Home/Kline/getKline.html
INFO: [ app_begin ] --START--
INFO: Run Behavior\ReadHtmlCacheBehavior [ RunTime:0.000000s ]
INFO: [ app_begin ] --END-- [ RunTime:0.000976s ]
SQL: SELECT `currency_id`,`currency_name`,`currency_logo`,`currency_mark`,`currency_unit`,`currency_content`,`currency_all_num`,`currency_buy_fee`,`currency_sell_fee`,`currency_url`,`trade_currency_id`,`is_line`,`is_lock`,`port_number`,`add_time`,`status`,`rpc_url`,`rpc_pwd`,`rpc_user`,`currency_all_tibi`,`detail_url`,`qianbao_url`,`qianbao_key`,`price_up`,`price_down`,`sort`,`currency_digit_num`,`guanwang_url`,`currency_fee_reward`,`start_time_h`,`end_time_h`,`end_time_m`,`start_time_m`,`is_lock_6`,`is_lock_7` FROM `yang_currency` WHERE ( is_line=1  ) ORDER BY sort  [ RunTime:0.0313s ]
NOTIC: [2] file_get_contents(KlineData/KLineData_kline_0_26.js): failed to open stream: No such file or directory D:\WWW\ggp\App\Home\Controller\KlineController.class.php 第 198 行.
INFO: [ app_end ] --START--
INFO: Run Behavior\ShowPageTraceBehavior [ RunTime:0.000976s ]
INFO: [ app_end ] --END-- [ RunTime:0.000976s ]

[ 2017-05-11T14:12:59+08:00 ] 127.0.0.1 /Home/Kline/getKline.html
INFO: [ app_begin ] --START--
INFO: Run Behavior\ReadHtmlCacheBehavior [ RunTime:0.000000s ]
INFO: [ app_begin ] --END-- [ RunTime:0.000976s ]
SQL: SELECT `currency_id`,`currency_name`,`currency_logo`,`currency_mark`,`currency_unit`,`currency_content`,`currency_all_num`,`currency_buy_fee`,`currency_sell_fee`,`currency_url`,`trade_currency_id`,`is_line`,`is_lock`,`port_number`,`add_time`,`status`,`rpc_url`,`rpc_pwd`,`rpc_user`,`currency_all_tibi`,`detail_url`,`qianbao_url`,`qianbao_key`,`price_up`,`price_down`,`sort`,`currency_digit_num`,`guanwang_url`,`currency_fee_reward`,`start_time_h`,`end_time_h`,`end_time_m`,`start_time_m`,`is_lock_6`,`is_lock_7` FROM `yang_currency` WHERE ( is_line=1  ) ORDER BY sort  [ RunTime:0.0254s ]
NOTIC: [2] file_get_contents(KlineData/KLineData_kline_0_26.js): failed to open stream: No such file or directory D:\WWW\ggp\App\Home\Controller\KlineController.class.php 第 198 行.
INFO: [ app_end ] --START--
INFO: Run Behavior\ShowPageTraceBehavior [ RunTime:0.000976s ]
INFO: [ app_end ] --END-- [ RunTime:0.000976s ]

[ 2017-05-11T14:12:59+08:00 ] 127.0.0.1 /Home/Kline/getKline.html
INFO: [ app_begin ] --START--
INFO: Run Behavior\ReadHtmlCacheBehavior [ RunTime:0.000000s ]
INFO: [ app_begin ] --END-- [ RunTime:0.000976s ]
SQL: SELECT `currency_id`,`currency_name`,`currency_logo`,`currency_mark`,`currency_unit`,`currency_content`,`currency_all_num`,`currency_buy_fee`,`currency_sell_fee`,`currency_url`,`trade_currency_id`,`is_line`,`is_lock`,`port_number`,`add_time`,`status`,`rpc_url`,`rpc_pwd`,`rpc_user`,`currency_all_tibi`,`detail_url`,`qianbao_url`,`qianbao_key`,`price_up`,`price_down`,`sort`,`currency_digit_num`,`guanwang_url`,`currency_fee_reward`,`start_time_h`,`end_time_h`,`end_time_m`,`start_time_m`,`is_lock_6`,`is_lock_7` FROM `yang_currency` WHERE ( is_line=1  ) ORDER BY sort  [ RunTime:0.0195s ]
NOTIC: [2] file_get_contents(KlineData/KLineData_kline_0_26.js): failed to open stream: No such file or directory D:\WWW\ggp\App\Home\Controller\KlineController.class.php 第 198 行.
INFO: [ app_end ] --START--
INFO: Run Behavior\ShowPageTraceBehavior [ RunTime:0.000977s ]
INFO: [ app_end ] --END-- [ RunTime:0.000977s ]

[ 2017-05-11T14:13:15+08:00 ] 127.0.0.1 /Home/Login/checkLog
INFO: [ app_begin ] --START--
INFO: Run Behavior\ReadHtmlCacheBehavior [ RunTime:0.000000s ]
INFO: [ app_begin ] --END-- [ RunTime:0.000976s ]
SQL: SELECT `currency_id`,`currency_name`,`currency_logo`,`currency_mark`,`currency_unit`,`currency_content`,`currency_all_num`,`currency_buy_fee`,`currency_sell_fee`,`currency_url`,`trade_currency_id`,`is_line`,`is_lock`,`port_number`,`add_time`,`status`,`rpc_url`,`rpc_pwd`,`rpc_user`,`currency_all_tibi`,`detail_url`,`qianbao_url`,`qianbao_key`,`price_up`,`price_down`,`sort`,`currency_digit_num`,`guanwang_url`,`currency_fee_reward`,`start_time_h`,`end_time_h`,`end_time_m`,`start_time_m`,`is_lock_6`,`is_lock_7` FROM `yang_currency` WHERE ( is_line=1  ) ORDER BY sort  [ RunTime:0.0186s ]
SQL: SHOW COLUMNS FROM `yang_member` [ RunTime:0.0195s ]
SQL: SELECT * FROM `yang_member` WHERE `email` = 'admin1' LIMIT 1   [ RunTime:0.0234s ]
SQL: SHOW COLUMNS FROM `yang_message_all` [ RunTime:0.0215s ]
SQL: SHOW COLUMNS FROM `yang_message` [ RunTime:0.0166s ]
SQL: SELECT * FROM `yang_message_all` WHERE `add_time` >= '1494386515' AND (  u_id= -1 or  u_id = 141 )  [ RunTime:0.0391s ]
NOTIC: [8] Undefined variable: new_ip D:\WWW\ggp\App\Home\Controller\LoginController.class.php 第 84 行.
SQL: UPDATE `yang_member` SET `login_ip`=NULL,`login_time`='1494483194' WHERE `member_id` = 141 [ RunTime:0.0264s ]
NOTIC: [8] Undefined index: time D:\WWW\ggp\App\Home\Controller\LoginController.class.php 第 103 行.
SQL: SELECT `cu_id`,`member_id`,`currency_id`,`num`,`forzen_num`,`status`,`chongzhi_url`,(num+forzen_num) as count FROM `yang_currency_user` WHERE `member_id` = 141 AND `currency_id` = 25 LIMIT 1   [ RunTime:0.0225s ]
NOTIC: [8] Undefined index: time D:\WWW\ggp\App\Home\Controller\LoginController.class.php 第 103 行.
SQL: SELECT `cu_id`,`member_id`,`currency_id`,`num`,`forzen_num`,`status`,`chongzhi_url`,(num+forzen_num) as count FROM `yang_currency_user` WHERE `member_id` = 141 AND `currency_id` = 26 LIMIT 1   [ RunTime:0.0176s ]
NOTIC: [8] Undefined index: time D:\WWW\ggp\App\Home\Controller\LoginController.class.php 第 103 行.
SQL: SELECT `cu_id`,`member_id`,`currency_id`,`num`,`forzen_num`,`status`,`chongzhi_url`,(num+forzen_num) as count FROM `yang_currency_user` WHERE `member_id` = 141 AND `currency_id` = 33 LIMIT 1   [ RunTime:0.0186s ]
NOTIC: [8] Undefined index: time D:\WWW\ggp\App\Home\Controller\LoginController.class.php 第 103 行.
SQL: SELECT `cu_id`,`member_id`,`currency_id`,`num`,`forzen_num`,`status`,`chongzhi_url`,(num+forzen_num) as count FROM `yang_currency_user` WHERE `member_id` = 141 AND `currency_id` = 34 LIMIT 1   [ RunTime:0.0244s ]
NOTIC: [8] Undefined index: time D:\WWW\ggp\App\Home\Controller\LoginController.class.php 第 103 行.
SQL: SELECT `cu_id`,`member_id`,`currency_id`,`num`,`forzen_num`,`status`,`chongzhi_url`,(num+forzen_num) as count FROM `yang_currency_user` WHERE `member_id` = 141 AND `currency_id` = 32 LIMIT 1   [ RunTime:0.0186s ]

[ 2017-05-11T14:13:20+08:00 ] 127.0.0.1 /Home/Index/personinfo.html
INFO: [ app_begin ] --START--
INFO: Run Behavior\ReadHtmlCacheBehavior [ RunTime:0.000976s ]
INFO: [ app_begin ] --END-- [ RunTime:0.000976s ]
NOTIC: [2] session_start(): Cannot send session cache limiter - headers already sent D:\WWW\ggp\ThinkPHP\Common\functions.php 第 1263 行.
SQL: SELECT `member_id`,`openid`,`email`,`pwd`,`pid`,`pwdtrade`,`nick`,`name`,`cardtype`,`idcard`,`phone`,`ip`,`reg_time`,`login_ip`,`login_time`,`rmb`,`forzen_rmb`,`head`,`profile`,`province`,`city`,`job`,`is_lock`,`status`,`dividend_num`,`threepwd`,(rmb+forzen_rmb) as count FROM `yang_member` WHERE ( member_id='141' ) LIMIT 1   [ RunTime:0.0225s ]
SQL: SELECT `currency_id`,`currency_name`,`currency_logo`,`currency_mark`,`currency_unit`,`currency_content`,`currency_all_num`,`currency_buy_fee`,`currency_sell_fee`,`currency_url`,`trade_currency_id`,`is_line`,`is_lock`,`port_number`,`add_time`,`status`,`rpc_url`,`rpc_pwd`,`rpc_user`,`currency_all_tibi`,`detail_url`,`qianbao_url`,`qianbao_key`,`price_up`,`price_down`,`sort`,`currency_digit_num`,`guanwang_url`,`currency_fee_reward`,`start_time_h`,`end_time_h`,`end_time_m`,`start_time_m`,`is_lock_6`,`is_lock_7` FROM `yang_currency` WHERE ( is_line=1  ) ORDER BY sort  [ RunTime:0.0225s ]
SQL: SELECT COUNT(*) AS tp_count FROM `yang_message` WHERE `member_id` = '141' AND `status` = 0 LIMIT 1   [ RunTime:0.0195s ]
SQL: SELECT yang_currency_user.*,(yang_currency_user.num+yang_currency_user.forzen_num) as count,yang_currency.currency_name,yang_currency.currency_mark FROM `yang_currency_user` left join yang_currency on yang_currency.currency_id=yang_currency_user.currency_id  WHERE `member_id` = '141' ORDER BY sort  [ RunTime:0.0176s ]
NOTIC: [2] Cannot modify header information - headers already sent D:\WWW\ggp\ThinkPHP\Library\Think\Controller.class.php 第 215 行.

[ 2017-05-11T14:13:23+08:00 ] 127.0.0.1 /Home/Index/personinfo.html
INFO: [ app_begin ] --START--
INFO: Run Behavior\ReadHtmlCacheBehavior [ RunTime:0.000000s ]
INFO: [ app_begin ] --END-- [ RunTime:0.000976s ]
NOTIC: [2] session_start(): Cannot send session cache limiter - headers already sent D:\WWW\ggp\ThinkPHP\Common\functions.php 第 1263 行.
SQL: SELECT `member_id`,`openid`,`email`,`pwd`,`pid`,`pwdtrade`,`nick`,`name`,`cardtype`,`idcard`,`phone`,`ip`,`reg_time`,`login_ip`,`login_time`,`rmb`,`forzen_rmb`,`head`,`profile`,`province`,`city`,`job`,`is_lock`,`status`,`dividend_num`,`threepwd`,(rmb+forzen_rmb) as count FROM `yang_member` WHERE ( member_id='141' ) LIMIT 1   [ RunTime:0.0264s ]
SQL: SELECT `currency_id`,`currency_name`,`currency_logo`,`currency_mark`,`currency_unit`,`currency_content`,`currency_all_num`,`currency_buy_fee`,`currency_sell_fee`,`currency_url`,`trade_currency_id`,`is_line`,`is_lock`,`port_number`,`add_time`,`status`,`rpc_url`,`rpc_pwd`,`rpc_user`,`currency_all_tibi`,`detail_url`,`qianbao_url`,`qianbao_key`,`price_up`,`price_down`,`sort`,`currency_digit_num`,`guanwang_url`,`currency_fee_reward`,`start_time_h`,`end_time_h`,`end_time_m`,`start_time_m`,`is_lock_6`,`is_lock_7` FROM `yang_currency` WHERE ( is_line=1  ) ORDER BY sort  [ RunTime:0.0244s ]
SQL: SELECT COUNT(*) AS tp_count FROM `yang_message` WHERE `member_id` = '141' AND `status` = 0 LIMIT 1   [ RunTime:0.1055s ]
SQL: SELECT yang_currency_user.*,(yang_currency_user.num+yang_currency_user.forzen_num) as count,yang_currency.currency_name,yang_currency.currency_mark FROM `yang_currency_user` left join yang_currency on yang_currency.currency_id=yang_currency_user.currency_id  WHERE `member_id` = '141' ORDER BY sort  [ RunTime:0.0654s ]
NOTIC: [2] Cannot modify header information - headers already sent D:\WWW\ggp\ThinkPHP\Library\Think\Controller.class.php 第 215 行.

[ 2017-05-11T14:13:27+08:00 ] 127.0.0.1 /Home/Index/personinfo.html
INFO: [ app_begin ] --START--
INFO: Run Behavior\ReadHtmlCacheBehavior [ RunTime:0.000976s ]
INFO: [ app_begin ] --END-- [ RunTime:0.000976s ]
NOTIC: [2] session_start(): Cannot send session cache limiter - headers already sent D:\WWW\ggp\ThinkPHP\Common\functions.php 第 1263 行.
SQL: SELECT `member_id`,`openid`,`email`,`pwd`,`pid`,`pwdtrade`,`nick`,`name`,`cardtype`,`idcard`,`phone`,`ip`,`reg_time`,`login_ip`,`login_time`,`rmb`,`forzen_rmb`,`head`,`profile`,`province`,`city`,`job`,`is_lock`,`status`,`dividend_num`,`threepwd`,(rmb+forzen_rmb) as count FROM `yang_member` WHERE ( member_id='141' ) LIMIT 1   [ RunTime:0.0205s ]
SQL: SELECT `currency_id`,`currency_name`,`currency_logo`,`currency_mark`,`currency_unit`,`currency_content`,`currency_all_num`,`currency_buy_fee`,`currency_sell_fee`,`currency_url`,`trade_currency_id`,`is_line`,`is_lock`,`port_number`,`add_time`,`status`,`rpc_url`,`rpc_pwd`,`rpc_user`,`currency_all_tibi`,`detail_url`,`qianbao_url`,`qianbao_key`,`price_up`,`price_down`,`sort`,`currency_digit_num`,`guanwang_url`,`currency_fee_reward`,`start_time_h`,`end_time_h`,`end_time_m`,`start_time_m`,`is_lock_6`,`is_lock_7` FROM `yang_currency` WHERE ( is_line=1  ) ORDER BY sort  [ RunTime:0.0264s ]
SQL: SELECT COUNT(*) AS tp_count FROM `yang_message` WHERE `member_id` = '141' AND `status` = 0 LIMIT 1   [ RunTime:0.0195s ]
SQL: SELECT yang_currency_user.*,(yang_currency_user.num+yang_currency_user.forzen_num) as count,yang_currency.currency_name,yang_currency.currency_mark FROM `yang_currency_user` left join yang_currency on yang_currency.currency_id=yang_currency_user.currency_id  WHERE `member_id` = '141' ORDER BY sort  [ RunTime:0.0186s ]
NOTIC: [2] Cannot modify header information - headers already sent D:\WWW\ggp\ThinkPHP\Library\Think\Controller.class.php 第 215 行.

[ 2017-05-11T14:14:13+08:00 ] 127.0.0.1 /Home/Index/personinfo.html
INFO: [ app_begin ] --START--
INFO: Run Behavior\ReadHtmlCacheBehavior [ RunTime:0.000977s ]
INFO: [ app_begin ] --END-- [ RunTime:0.000977s ]
NOTIC: [2] session_start(): Cannot send session cache limiter - headers already sent D:\WWW\ggp\ThinkPHP\Common\functions.php 第 1263 行.
SQL: SELECT `member_id`,`openid`,`email`,`pwd`,`pid`,`pwdtrade`,`nick`,`name`,`cardtype`,`idcard`,`phone`,`ip`,`reg_time`,`login_ip`,`login_time`,`rmb`,`forzen_rmb`,`head`,`profile`,`province`,`city`,`job`,`is_lock`,`status`,`dividend_num`,`threepwd`,(rmb+forzen_rmb) as count FROM `yang_member` WHERE ( member_id='141' ) LIMIT 1   [ RunTime:0.0010s ]
SQL: SELECT `currency_id`,`currency_name`,`currency_logo`,`currency_mark`,`currency_unit`,`currency_content`,`currency_all_num`,`currency_buy_fee`,`currency_sell_fee`,`currency_url`,`trade_currency_id`,`is_line`,`is_lock`,`port_number`,`add_time`,`status`,`rpc_url`,`rpc_pwd`,`rpc_user`,`currency_all_tibi`,`detail_url`,`qianbao_url`,`qianbao_key`,`price_up`,`price_down`,`sort`,`currency_digit_num`,`guanwang_url`,`currency_fee_reward`,`start_time_h`,`end_time_h`,`end_time_m`,`start_time_m`,`is_lock_6`,`is_lock_7` FROM `yang_currency` WHERE ( is_line=1  ) ORDER BY sort  [ RunTime:0.0010s ]
SQL: SELECT COUNT(*) AS tp_count FROM `yang_message` WHERE `member_id` = '141' AND `status` = 0 LIMIT 1   [ RunTime:0.0225s ]
SQL: SELECT yang_currency_user.*,(yang_currency_user.num+yang_currency_user.forzen_num) as count,yang_currency.currency_name,yang_currency.currency_mark FROM `yang_currency_user` left join yang_currency on yang_currency.currency_id=yang_currency_user.currency_id  WHERE `member_id` = '141' ORDER BY sort  [ RunTime:0.0430s ]
NOTIC: [2] Cannot modify header information - headers already sent D:\WWW\ggp\ThinkPHP\Library\Think\Controller.class.php 第 215 行.

